Copyright 1986-2015 Xilinx, Inc. All Rights Reserved.
------------------------------------------------------------------------------------------------------------------
| Tool Version : Vivado v.2015.1 (lin64) Build 1215546 Mon Apr 27 19:07:21 MDT 2015
| Date         : Wed Feb 26 17:57:45 2020
| Host         : localhost.localdomain running 64-bit unknown
| Command      : report_timing -nworst 1 -delay_type max -sort_by group -file reports_RISCY_FP/pulpino.timing.rpt
| Design       : pulpino
| Device       : 7z020-clg484
| Speed File   : -1  PRODUCTION 1.11 2014-09-11
------------------------------------------------------------------------------------------------------------------

Timing Report

Slack (MET) :             7.485ns  (required time - arrival time)
  Source:                 pulpino_i/core_region_i/CORE.RISCV_CORE/ex_stage_i/fpu_i/fpu_core/OP_SP_reg[2]/C
                            (rising edge-triggered cell FDCE clocked by clk  {rise@0.000ns fall@25.000ns period=50.000ns})
  Destination:            pulpino_i/core_region_i/CORE.RISCV_CORE/id_stage_i/hwloop_regs_i/hwlp_counter_q_reg[0][29]/D
                            (rising edge-triggered cell FDCE clocked by clk  {rise@0.000ns fall@25.000ns period=50.000ns})
  Path Group:             clk
  Path Type:              Setup (Max at Slow Process Corner)
  Requirement:            50.000ns  (clk rise@50.000ns - clk rise@0.000ns)
  Data Path Delay:        42.516ns  (logic 14.997ns (35.274%)  route 27.519ns (64.726%))
  Logic Levels:           71  (CARRY4=24 LUT2=2 LUT3=5 LUT4=11 LUT5=8 LUT6=21)
  Clock Path Skew:        -0.040ns (DCD - SCD + CPR)
    Destination Clock Delay (DCD):    1.687ns = ( 51.687 - 50.000 ) 
    Source Clock Delay      (SCD):    1.870ns
    Clock Pessimism Removal (CPR):    0.144ns
  Clock Uncertainty:      0.035ns  ((TSJ^2 + TIJ^2)^1/2 + DJ) / 2 + PE
    Total System Jitter     (TSJ):    0.071ns
    Total Input Jitter      (TIJ):    0.000ns
    Discrete Jitter          (DJ):    0.000ns
    Phase Error              (PE):    0.000ns

    Location             Delay type                Incr(ns)  Path(ns)    Netlist Resource(s)
  -------------------------------------------------------------------    -------------------
                         (clock clk rise edge)        0.000     0.000 r  
    Y6                                                0.000     0.000 r  clk (IN)
                         net (fo=0)                   0.000     0.000    clk
    Y6                   IBUF (Prop_ibuf_I_O)         0.969     0.969 r  clk_IBUF_inst/O
                         net (fo=1, unplaced)         0.000     0.969    clk_IBUF
                         BUFG (Prop_bufg_I_O)         0.101     1.070 r  clk_IBUF_BUFG_inst/O
                         net (fo=10693, unplaced)     0.800     1.870    pulpino_i/core_region_i/CORE.RISCV_CORE/ex_stage_i/fpu_i/fpu_core/clk_IBUF_BUFG
                         FDCE                                         r  pulpino_i/core_region_i/CORE.RISCV_CORE/ex_stage_i/fpu_i/fpu_core/OP_SP_reg[2]/C
  -------------------------------------------------------------------    -------------------
                         FDCE (Prop_fdce_C_Q)         0.478     2.348 f  pulpino_i/core_region_i/CORE.RISCV_CORE/ex_stage_i/fpu_i/fpu_core/OP_SP_reg[2]/Q
                         net (fo=129, unplaced)       0.847     3.195    pulpino_i/core_region_i/CORE.RISCV_CORE/ex_stage_i/fpu_i/fpu_core/normalizer/OP_SP_reg[3][2]
                         LUT4 (Prop_lut4_I1_O)        0.295     3.490 r  pulpino_i/core_region_i/CORE.RISCV_CORE/ex_stage_i/fpu_i/fpu_core/normalizer/rf_gen[31].mem[31][31]_i_175/O
                         net (fo=131, unplaced)       0.555     4.045    pulpino_i/core_region_i/CORE.RISCV_CORE/ex_stage_i/fpu_i/fpu_core/EnableAdd_S
                         LUT5 (Prop_lut5_I2_O)        0.116     4.161 r  pulpino_i/core_region_i/CORE.RISCV_CORE/ex_stage_i/fpu_i/fpu_core/rf_gen[31].mem[31][31]_i_220/O
                         net (fo=1, unplaced)         0.000     4.161    pulpino_i/core_region_i/CORE.RISCV_CORE/ex_stage_i/fpu_i/fpu_core/rf_gen[31].mem[31][31]_i_220_n_0
                         CARRY4 (Prop_carry4_DI[0]_CO[3])
                                                      0.576     4.737 r  pulpino_i/core_region_i/CORE.RISCV_CORE/ex_stage_i/fpu_i/fpu_core/rf_gen[31].mem_reg[31][31]_i_172/CO[3]
                         net (fo=95, unplaced)        1.016     5.753    pulpino_i/core_region_i/CORE.RISCV_CORE/ex_stage_i/fpu_i/fpu_core/adder/CO[0]
                         LUT4 (Prop_lut4_I3_O)        0.116     5.869 r  pulpino_i/core_region_i/CORE.RISCV_CORE/ex_stage_i/fpu_i/fpu_core/adder/rf_gen[31].mem[31][31]_i_362/O
                         net (fo=1, unplaced)         0.000     5.869    pulpino_i/core_region_i/CORE.RISCV_CORE/ex_stage_i/fpu_i/fpu_core/adder/rf_gen[31].mem[31][31]_i_362_n_0
                         CARRY4 (Prop_carry4_DI[0]_O[3])
                                                      0.685     6.554 f  pulpino_i/core_region_i/CORE.RISCV_CORE/ex_stage_i/fpu_i/fpu_core/adder/rf_gen[31].mem_reg[31][31]_i_295/O[3]
                         net (fo=45, unplaced)        0.698     7.252    core_region_i/CORE.RISCV_CORE/ex_stage_i/fpu_i/fpu_core/adder/Exp_diff_D[3]
                         LUT5 (Prop_lut5_I0_O)        0.299     7.551 r  fflags_q[0]_i_819/O
                         net (fo=1, unplaced)         0.902     8.453    fflags_q[0]_i_819_n_0
                         LUT4 (Prop_lut4_I1_O)        0.116     8.569 r  fflags_q[0]_i_775/O
                         net (fo=46, unplaced)        0.499     9.068    pulpino_i/core_region_i/CORE.RISCV_CORE/ex_stage_i/fpu_i/fpu_core/Operand_b_DP_reg[29]_1
                         LUT4 (Prop_lut4_I2_O)        0.124     9.192 r  pulpino_i/core_region_i/CORE.RISCV_CORE/ex_stage_i/fpu_i/fpu_core/fflags_q[0]_i_816/O
                         net (fo=1, unplaced)         0.449     9.641    pulpino_i/core_region_i/CORE.RISCV_CORE/ex_stage_i/fpu_i/fpu_core/fflags_q[0]_i_816_n_0
                         LUT6 (Prop_lut6_I5_O)        0.124     9.765 r  pulpino_i/core_region_i/CORE.RISCV_CORE/ex_stage_i/fpu_i/fpu_core/fflags_q[0]_i_772/O
                         net (fo=2, unplaced)         0.676    10.441    pulpino_i_n_79
                         LUT4 (Prop_lut4_I0_O)        0.124    10.565 r  fflags_q[0]_i_718/O
                         net (fo=2, unplaced)         0.460    11.025    fflags_q[0]_i_718_n_0
                         LUT5 (Prop_lut5_I0_O)        0.124    11.149 r  fflags_q[0]_i_769/O
                         net (fo=2, unplaced)         0.460    11.609    fflags_q[0]_i_769_n_0
                         LUT5 (Prop_lut5_I2_O)        0.124    11.733 f  fflags_q[0]_i_735/O
                         net (fo=1, unplaced)         0.449    12.182    fflags_q[0]_i_735_n_0
                         LUT6 (Prop_lut6_I5_O)        0.124    12.306 r  fflags_q[0]_i_666/O
                         net (fo=1, unplaced)         0.449    12.755    fflags_q[0]_i_666_n_0
                         LUT6 (Prop_lut6_I5_O)        0.124    12.879 r  fflags_q[0]_i_626/O
                         net (fo=1, unplaced)         0.449    13.328    pulpino_i/core_region_i/CORE.RISCV_CORE/ex_stage_i/fpu_i/fpu_core/Operand_b_DP_reg[0]_0
                         LUT6 (Prop_lut6_I1_O)        0.124    13.452 r  pulpino_i/core_region_i/CORE.RISCV_CORE/ex_stage_i/fpu_i/fpu_core/fflags_q[0]_i_565/O
                         net (fo=2, unplaced)         0.460    13.912    pulpino_i/core_region_i/CORE.RISCV_CORE/ex_stage_i/fpu_i/fpu_core/Mant_addInA_D[0]
                         LUT3 (Prop_lut3_I2_O)        0.124    14.036 r  pulpino_i/core_region_i/CORE.RISCV_CORE/ex_stage_i/fpu_i/fpu_core/fflags_q[0]_i_569/O
                         net (fo=1, unplaced)         0.000    14.036    pulpino_i/core_region_i/CORE.RISCV_CORE/ex_stage_i/fpu_i/fpu_core/fflags_q[0]_i_569_n_0
                         CARRY4 (Prop_carry4_S[0]_CO[3])
                                                      0.513    14.549 r  pulpino_i/core_region_i/CORE.RISCV_CORE/ex_stage_i/fpu_i/fpu_core/fflags_q_reg[0]_i_454/CO[3]
                         net (fo=1, unplaced)         0.009    14.558    pulpino_i/core_region_i/CORE.RISCV_CORE/ex_stage_i/fpu_i/fpu_core/fflags_q_reg[0]_i_454_n_0
                         CARRY4 (Prop_carry4_CI_CO[3])
                                                      0.117    14.675 r  pulpino_i/core_region_i/CORE.RISCV_CORE/ex_stage_i/fpu_i/fpu_core/fflags_q_reg[0]_i_461/CO[3]
                         net (fo=1, unplaced)         0.000    14.675    pulpino_i/core_region_i/CORE.RISCV_CORE/ex_stage_i/fpu_i/fpu_core/fflags_q_reg[0]_i_461_n_0
                         CARRY4 (Prop_carry4_CI_CO[3])
                                                      0.117    14.792 r  pulpino_i/core_region_i/CORE.RISCV_CORE/ex_stage_i/fpu_i/fpu_core/fflags_q_reg[0]_i_427/CO[3]
                         net (fo=1, unplaced)         0.000    14.792    pulpino_i/core_region_i/CORE.RISCV_CORE/ex_stage_i/fpu_i/fpu_core/fflags_q_reg[0]_i_427_n_0
                         CARRY4 (Prop_carry4_CI_CO[3])
                                                      0.117    14.909 r  pulpino_i/core_region_i/CORE.RISCV_CORE/ex_stage_i/fpu_i/fpu_core/fflags_q_reg[0]_i_414/CO[3]
                         net (fo=1, unplaced)         0.000    14.909    pulpino_i/core_region_i/CORE.RISCV_CORE/ex_stage_i/fpu_i/fpu_core/fflags_q_reg[0]_i_414_n_0
                         CARRY4 (Prop_carry4_CI_CO[3])
                                                      0.117    15.026 r  pulpino_i/core_region_i/CORE.RISCV_CORE/ex_stage_i/fpu_i/fpu_core/fflags_q_reg[0]_i_431/CO[3]
                         net (fo=1, unplaced)         0.000    15.026    pulpino_i/core_region_i/CORE.RISCV_CORE/ex_stage_i/fpu_i/fpu_core/fflags_q_reg[0]_i_431_n_0
                         CARRY4 (Prop_carry4_CI_CO[3])
                                                      0.117    15.143 r  pulpino_i/core_region_i/CORE.RISCV_CORE/ex_stage_i/fpu_i/fpu_core/rf_gen[31].mem_reg[31][30]_i_118/CO[3]
                         net (fo=1, unplaced)         0.000    15.143    pulpino_i/core_region_i/CORE.RISCV_CORE/ex_stage_i/fpu_i/fpu_core/rf_gen[31].mem_reg[31][30]_i_118_n_0
                         CARRY4 (Prop_carry4_CI_O[3])
                                                      0.331    15.474 r  pulpino_i/core_region_i/CORE.RISCV_CORE/ex_stage_i/fpu_i/fpu_core/fflags_q_reg[0]_i_335/O[3]
                         net (fo=1, unplaced)         0.618    16.092    pulpino_i/core_region_i/CORE.RISCV_CORE/ex_stage_i/fpu_i/fpu_core/normalizer/O[1]
                         LUT6 (Prop_lut6_I4_O)        0.307    16.399 r  pulpino_i/core_region_i/CORE.RISCV_CORE/ex_stage_i/fpu_i/fpu_core/normalizer/fflags_q[0]_i_331/O
                         net (fo=1, unplaced)         0.449    16.848    pulpino_i/core_region_i/CORE.RISCV_CORE/ex_stage_i/fpu_i/fpu_core/multiplier/OP_SP_reg[0]_12
                         LUT6 (Prop_lut6_I0_O)        0.124    16.972 r  pulpino_i/core_region_i/CORE.RISCV_CORE/ex_stage_i/fpu_i/fpu_core/multiplier/fflags_q[0]_i_174/O
                         net (fo=8, unplaced)         0.487    17.459    pulpino_i/core_region_i/CORE.RISCV_CORE/ex_stage_i/fpu_i/fpu_core/multiplier/fflags_q[0]_i_174_n_0
                         LUT6 (Prop_lut6_I0_O)        0.124    17.583 r  pulpino_i/core_region_i/CORE.RISCV_CORE/ex_stage_i/fpu_i/fpu_core/multiplier/fflags_q[0]_i_87/O
                         net (fo=5, unplaced)         0.447    18.030    pulpino_i/core_region_i/CORE.RISCV_CORE/ex_stage_i/fpu_i/fpu_core/multiplier/normalizer/LOD/p_52_in
                         LUT3 (Prop_lut3_I1_O)        0.150    18.180 r  pulpino_i/core_region_i/CORE.RISCV_CORE/ex_stage_i/fpu_i/fpu_core/multiplier/rf_gen[31].mem[31][30]_i_105/O
                         net (fo=3, unplaced)         0.467    18.647    pulpino_i/core_region_i/CORE.RISCV_CORE/ex_stage_i/fpu_i/fpu_core/multiplier/normalizer/LOD/p_65_in
                         LUT6 (Prop_lut6_I2_O)        0.124    18.771 r  pulpino_i/core_region_i/CORE.RISCV_CORE/ex_stage_i/fpu_i/fpu_core/multiplier/rf_gen[31].mem[31][30]_i_90/O
                         net (fo=4, unplaced)         0.473    19.244    pulpino_i/core_region_i/CORE.RISCV_CORE/ex_stage_i/fpu_i/fpu_core/multiplier/normalizer/LOD/p_75_in
                         LUT5 (Prop_lut5_I2_O)        0.116    19.360 r  pulpino_i/core_region_i/CORE.RISCV_CORE/ex_stage_i/fpu_i/fpu_core/multiplier/rf_gen[31].mem[31][30]_i_91/O
                         net (fo=5, unplaced)         0.477    19.837    pulpino_i/core_region_i/CORE.RISCV_CORE/ex_stage_i/fpu_i/fpu_core/multiplier/normalizer/LOD/p_81_in
                         LUT5 (Prop_lut5_I3_O)        0.124    19.961 r  pulpino_i/core_region_i/CORE.RISCV_CORE/ex_stage_i/fpu_i/fpu_core/multiplier/rf_gen[31].mem[31][26]_i_59/O
                         net (fo=1, unplaced)         0.449    20.410    pulpino_i/core_region_i/CORE.RISCV_CORE/ex_stage_i/fpu_i/fpu_core/multiplier/rf_gen[31].mem[31][26]_i_59_n_0
                         LUT6 (Prop_lut6_I0_O)        0.124    20.534 r  pulpino_i/core_region_i/CORE.RISCV_CORE/ex_stage_i/fpu_i/fpu_core/multiplier/rf_gen[31].mem[31][26]_i_42/O
                         net (fo=10, unplaced)        0.708    21.242    pulpino_i/core_region_i/CORE.RISCV_CORE/ex_stage_i/fpu_i/fpu_core/multiplier/normalizer/Mant_leadingOne_D[2]
                         LUT4 (Prop_lut4_I0_O)        0.117    21.359 r  pulpino_i/core_region_i/CORE.RISCV_CORE/ex_stage_i/fpu_i/fpu_core/multiplier/fflags_q[0]_i_271/O
                         net (fo=1, unplaced)         0.000    21.359    pulpino_i/core_region_i/CORE.RISCV_CORE/ex_stage_i/fpu_i/fpu_core/multiplier/fflags_q[0]_i_271_n_0
                         CARRY4 (Prop_carry4_DI[1]_CO[3])
                                                      0.547    21.906 r  pulpino_i/core_region_i/CORE.RISCV_CORE/ex_stage_i/fpu_i/fpu_core/multiplier/fflags_q_reg[0]_i_123/CO[3]
                         net (fo=1, unplaced)         0.009    21.915    pulpino_i/core_region_i/CORE.RISCV_CORE/ex_stage_i/fpu_i/fpu_core/multiplier/fflags_q_reg[0]_i_123_n_0
                         CARRY4 (Prop_carry4_CI_CO[0])
                                                      0.281    22.196 r  pulpino_i/core_region_i/CORE.RISCV_CORE/ex_stage_i/fpu_i/fpu_core/multiplier/fflags_q_reg[0]_i_66/CO[0]
                         net (fo=3, unplaced)         0.759    22.955    pulpino_i/core_region_i/CORE.RISCV_CORE/ex_stage_i/fpu_i/fpu_core/multiplier/normalizer/Denormal_S0
                         LUT3 (Prop_lut3_I0_O)        0.367    23.322 r  pulpino_i/core_region_i/CORE.RISCV_CORE/ex_stage_i/fpu_i/fpu_core/multiplier/fflags_q[0]_i_45/O
                         net (fo=65, unplaced)        0.538    23.860    pulpino_i/core_region_i/CORE.RISCV_CORE/ex_stage_i/fpu_i/fpu_core/multiplier/fflags_q_reg[0]
                         LUT5 (Prop_lut5_I4_O)        0.116    23.976 r  pulpino_i/core_region_i/CORE.RISCV_CORE/ex_stage_i/fpu_i/fpu_core/multiplier/fflags_q[0]_i_116/O
                         net (fo=16, unplaced)        0.956    24.932    pulpino_i/core_region_i/CORE.RISCV_CORE/ex_stage_i/fpu_i/fpu_core/multiplier/normalizer/p_0_in[3]
                         LUT3 (Prop_lut3_I0_O)        0.124    25.056 r  pulpino_i/core_region_i/CORE.RISCV_CORE/ex_stage_i/fpu_i/fpu_core/multiplier/fflags_q[0]_i_63/O
                         net (fo=6, unplaced)         0.481    25.537    pulpino_i/core_region_i/CORE.RISCV_CORE/ex_stage_i/fpu_i/fpu_core/multiplier/fflags_q[0]_i_63_n_0
                         LUT6 (Prop_lut6_I0_O)        0.124    25.661 f  pulpino_i/core_region_i/CORE.RISCV_CORE/ex_stage_i/fpu_i/fpu_core/multiplier/rf_gen[31].mem[31][22]_i_97/O
                         net (fo=75, unplaced)        0.541    26.202    pulpino_i/core_region_i/CORE.RISCV_CORE/ex_stage_i/fpu_i/fpu_core/multiplier/normalizer/Mant_shAmt2_D__0[5]
                         LUT6 (Prop_lut6_I1_O)        0.124    26.326 r  pulpino_i/core_region_i/CORE.RISCV_CORE/ex_stage_i/fpu_i/fpu_core/multiplier/fflags_q[0]_i_467/O
                         net (fo=2, unplaced)         0.913    27.239    pulpino_i/core_region_i/CORE.RISCV_CORE/ex_stage_i/fpu_i/fpu_core/multiplier/fflags_q[0]_i_467_n_0
                         LUT3 (Prop_lut3_I0_O)        0.148    27.387 r  pulpino_i/core_region_i/CORE.RISCV_CORE/ex_stage_i/fpu_i/fpu_core/multiplier/fflags_q[0]_i_375/O
                         net (fo=1, unplaced)         0.449    27.836    pulpino_i/core_region_i/CORE.RISCV_CORE/ex_stage_i/fpu_i/fpu_core/multiplier/fflags_q[0]_i_375_n_0
                         LUT6 (Prop_lut6_I2_O)        0.124    27.960 f  pulpino_i/core_region_i/CORE.RISCV_CORE/ex_stage_i/fpu_i/fpu_core/multiplier/fflags_q[0]_i_224/O
                         net (fo=1, unplaced)         0.902    28.862    pulpino_i/core_region_i/CORE.RISCV_CORE/ex_stage_i/fpu_i/fpu_core/multiplier/fflags_q[0]_i_224_n_0
                         LUT4 (Prop_lut4_I1_O)        0.124    28.986 r  pulpino_i/core_region_i/CORE.RISCV_CORE/ex_stage_i/fpu_i/fpu_core/multiplier/fflags_q[0]_i_102/O
                         net (fo=1, unplaced)         0.449    29.435    pulpino_i/core_region_i/CORE.RISCV_CORE/ex_stage_i/fpu_i/fpu_core/multiplier/fflags_q[0]_i_102_n_0
                         LUT5 (Prop_lut5_I4_O)        0.124    29.559 f  pulpino_i/core_region_i/CORE.RISCV_CORE/ex_stage_i/fpu_i/fpu_core/multiplier/fflags_q[0]_i_55/O
                         net (fo=1, unplaced)         0.449    30.008    pulpino_i/core_region_i/CORE.RISCV_CORE/ex_stage_i/fpu_i/fpu_core/multiplier/fflags_q[0]_i_55_n_0
                         LUT6 (Prop_lut6_I3_O)        0.124    30.132 r  pulpino_i/core_region_i/CORE.RISCV_CORE/ex_stage_i/fpu_i/fpu_core/multiplier/fflags_q[0]_i_28/O
                         net (fo=2, unplaced)         0.676    30.808    pulpino_i/core_region_i/CORE.RISCV_CORE/ex_stage_i/fpu_i/fpu_core/multiplier/normalizer/Mant_sticky_D
                         LUT4 (Prop_lut4_I0_O)        0.116    30.924 r  pulpino_i/core_region_i/CORE.RISCV_CORE/ex_stage_i/fpu_i/fpu_core/multiplier/rf_gen[31].mem[31][3]_i_112/O
                         net (fo=1, unplaced)         0.449    31.373    pulpino_i/core_region_i/CORE.RISCV_CORE/ex_stage_i/fpu_i/fpu_core/multiplier/rf_gen[31].mem[31][3]_i_112_n_0
                         LUT6 (Prop_lut6_I4_O)        0.124    31.497 r  pulpino_i/core_region_i/CORE.RISCV_CORE/ex_stage_i/fpu_i/fpu_core/multiplier/rf_gen[31].mem[31][3]_i_93/O
                         net (fo=1, unplaced)         0.449    31.946    pulpino_i/core_region_i/CORE.RISCV_CORE/ex_stage_i/fpu_i/fpu_core/normalizer/RM_SP_reg[1]
                         LUT6 (Prop_lut6_I5_O)        0.124    32.070 r  pulpino_i/core_region_i/CORE.RISCV_CORE/ex_stage_i/fpu_i/fpu_core/normalizer/rf_gen[31].mem[31][3]_i_60/O
                         net (fo=1, unplaced)         0.000    32.070    pulpino_i/core_region_i/CORE.RISCV_CORE/ex_stage_i/fpu_i/fpu_core/normalizer/rf_gen[31].mem[31][3]_i_60_n_0
                         CARRY4 (Prop_carry4_S[0]_CO[3])
                                                      0.513    32.583 r  pulpino_i/core_region_i/CORE.RISCV_CORE/ex_stage_i/fpu_i/fpu_core/normalizer/rf_gen[31].mem_reg[31][3]_i_38/CO[3]
                         net (fo=1, unplaced)         0.009    32.592    pulpino_i/core_region_i/CORE.RISCV_CORE/ex_stage_i/fpu_i/fpu_core/normalizer/rf_gen[31].mem_reg[31][3]_i_38_n_0
                         CARRY4 (Prop_carry4_CI_CO[3])
                                                      0.117    32.709 r  pulpino_i/core_region_i/CORE.RISCV_CORE/ex_stage_i/fpu_i/fpu_core/normalizer/rf_gen[31].mem_reg[31][7]_i_45/CO[3]
                         net (fo=1, unplaced)         0.000    32.709    pulpino_i/core_region_i/CORE.RISCV_CORE/ex_stage_i/fpu_i/fpu_core/normalizer/rf_gen[31].mem_reg[31][7]_i_45_n_0
                         CARRY4 (Prop_carry4_CI_CO[3])
                                                      0.117    32.826 r  pulpino_i/core_region_i/CORE.RISCV_CORE/ex_stage_i/fpu_i/fpu_core/normalizer/rf_gen[31].mem_reg[31][11]_i_39/CO[3]
                         net (fo=1, unplaced)         0.000    32.826    pulpino_i/core_region_i/CORE.RISCV_CORE/ex_stage_i/fpu_i/fpu_core/normalizer/rf_gen[31].mem_reg[31][11]_i_39_n_0
                         CARRY4 (Prop_carry4_CI_CO[3])
                                                      0.117    32.943 r  pulpino_i/core_region_i/CORE.RISCV_CORE/ex_stage_i/fpu_i/fpu_core/normalizer/rf_gen[31].mem_reg[31][15]_i_43/CO[3]
                         net (fo=1, unplaced)         0.000    32.943    pulpino_i/core_region_i/CORE.RISCV_CORE/ex_stage_i/fpu_i/fpu_core/normalizer/rf_gen[31].mem_reg[31][15]_i_43_n_0
                         CARRY4 (Prop_carry4_CI_CO[3])
                                                      0.117    33.060 r  pulpino_i/core_region_i/CORE.RISCV_CORE/ex_stage_i/fpu_i/fpu_core/normalizer/rf_gen[31].mem_reg[31][19]_i_34/CO[3]
                         net (fo=1, unplaced)         0.000    33.060    pulpino_i/core_region_i/CORE.RISCV_CORE/ex_stage_i/fpu_i/fpu_core/normalizer/rf_gen[31].mem_reg[31][19]_i_34_n_0
                         CARRY4 (Prop_carry4_CI_CO[3])
                                                      0.117    33.177 r  pulpino_i/core_region_i/CORE.RISCV_CORE/ex_stage_i/fpu_i/fpu_core/normalizer/rf_gen[31].mem_reg[31][22]_i_44/CO[3]
                         net (fo=1, unplaced)         0.000    33.177    pulpino_i/core_region_i/CORE.RISCV_CORE/ex_stage_i/fpu_i/fpu_core/normalizer/rf_gen[31].mem_reg[31][22]_i_44_n_0
                         CARRY4 (Prop_carry4_CI_CO[0])
                                                      0.281    33.458 r  pulpino_i/core_region_i/CORE.RISCV_CORE/ex_stage_i/fpu_i/fpu_core/normalizer/rf_gen[31].mem_reg[31][26]_i_47/CO[0]
                         net (fo=5, unplaced)         0.498    33.956    pulpino_i/core_region_i/CORE.RISCV_CORE/ex_stage_i/fpu_i/fpu_core/multiplier/Mant_upperRounded_D[0]
                         LUT4 (Prop_lut4_I2_O)        0.367    34.323 r  pulpino_i/core_region_i/CORE.RISCV_CORE/ex_stage_i/fpu_i/fpu_core/multiplier/rf_gen[31].mem[31][26]_i_34/O
                         net (fo=1, unplaced)         0.000    34.323    pulpino_i/core_region_i/CORE.RISCV_CORE/ex_stage_i/fpu_i/fpu_core/multiplier/rf_gen[31].mem[31][26]_i_34_n_0
                         CARRY4 (Prop_carry4_S[0]_CO[3])
                                                      0.513    34.836 r  pulpino_i/core_region_i/CORE.RISCV_CORE/ex_stage_i/fpu_i/fpu_core/multiplier/rf_gen[31].mem_reg[31][26]_i_19/CO[3]
                         net (fo=1, unplaced)         0.009    34.845    pulpino_i/core_region_i/CORE.RISCV_CORE/ex_stage_i/fpu_i/fpu_core/multiplier/rf_gen[31].mem_reg[31][26]_i_19_n_0
                         CARRY4 (Prop_carry4_CI_O[3])
                                                      0.331    35.176 r  pulpino_i/core_region_i/CORE.RISCV_CORE/ex_stage_i/fpu_i/fpu_core/multiplier/rf_gen[31].mem_reg[31][30]_i_24/O[3]
                         net (fo=3, unplaced)         0.636    35.812    core_region_i/CORE.RISCV_CORE/ex_stage_i/fpu_i/fpu_core/Exp_norm_D[7]
                         LUT2 (Prop_lut2_I1_O)        0.307    36.119 r  fflags_q[1]_i_75/O
                         net (fo=1, unplaced)         0.000    36.119    fflags_q[1]_i_75_n_0
                         CARRY4 (Prop_carry4_S[3]_CO[3])
                                                      0.376    36.495 r  fflags_q_reg[1]_i_48/CO[3]
                         net (fo=1, unplaced)         0.009    36.504    fflags_q_reg[1]_i_48_n_0
                         CARRY4 (Prop_carry4_CI_CO[0])
                                                      0.281    36.785 r  fflags_q_reg[1]_i_36/CO[0]
                         net (fo=2, unplaced)         0.481    37.266    pulpino_i/core_region_i/CORE.RISCV_CORE/id_stage_i/registers_i/OP_SP_reg[2]_rep[0]
                         LUT2 (Prop_lut2_I0_O)        0.367    37.633 r  pulpino_i/core_region_i/CORE.RISCV_CORE/id_stage_i/registers_i/fflags_q[0]_i_21/O
                         net (fo=2, unplaced)         0.460    38.093    pulpino_i/core_region_i/CORE.RISCV_CORE/ex_stage_i/fpu_i/fpu_core/OP_SP_reg[2]_rep_1
                         LUT6 (Prop_lut6_I0_O)        0.124    38.217 r  pulpino_i/core_region_i/CORE.RISCV_CORE/ex_stage_i/fpu_i/fpu_core/fflags_q[0]_i_10/O
                         net (fo=3, unplaced)         0.683    38.900    pulpino_i/core_region_i/CORE.RISCV_CORE/ex_stage_i/fpu_i/fpu_core/except/OF_SO0
                         LUT4 (Prop_lut4_I0_O)        0.124    39.024 r  pulpino_i/core_region_i/CORE.RISCV_CORE/ex_stage_i/fpu_i/fpu_core/rf_gen[31].mem[31][30]_i_25/O
                         net (fo=9, unplaced)         0.490    39.514    pulpino_i/core_region_i/CORE.RISCV_CORE/ex_stage_i/fpu_i/fpu_core/Exp_toInf_S
                         LUT6 (Prop_lut6_I1_O)        0.124    39.638 f  pulpino_i/core_region_i/CORE.RISCV_CORE/ex_stage_i/fpu_i/fpu_core/rf_gen[31].mem[31][30]_i_23/O
                         net (fo=8, unplaced)         0.487    40.125    pulpino_i/core_region_i/CORE.RISCV_CORE/ex_stage_i/fpu_i/fpu_core/Exp_toZero_S
                         LUT6 (Prop_lut6_I3_O)        0.124    40.249 r  pulpino_i/core_region_i/CORE.RISCV_CORE/ex_stage_i/fpu_i/fpu_core/rf_gen[31].mem[31][25]_i_12/O
                         net (fo=1, unplaced)         0.665    40.914    pulpino_i/core_region_i/CORE.RISCV_CORE/ex_stage_i/fpu_i/fpu_core/fpu_result[25]
                         LUT4 (Prop_lut4_I0_O)        0.124    41.038 r  pulpino_i/core_region_i/CORE.RISCV_CORE/ex_stage_i/fpu_i/fpu_core/rf_gen[31].mem[31][25]_i_7/O
                         net (fo=2, unplaced)         0.460    41.498    pulpino_i/core_region_i/CORE.RISCV_CORE/ex_stage_i/fpu_i/fpu_divsqrt_tp/precess_U0/Enable_SP_reg_0
                         LUT6 (Prop_lut6_I2_O)        0.124    41.622 r  pulpino_i/core_region_i/CORE.RISCV_CORE/ex_stage_i/fpu_i/fpu_divsqrt_tp/precess_U0/rf_gen[31].mem[31][25]_i_3/O
                         net (fo=66, unplaced)        0.538    42.160    pulpino_i/core_region_i/CORE.RISCV_CORE/ex_stage_i/fpu_i/fpu_divsqrt_tp/precess_U0/rf_gen[9].mem_reg[9][25]_0
                         LUT6 (Prop_lut6_I5_O)        0.124    42.284 f  pulpino_i/core_region_i/CORE.RISCV_CORE/ex_stage_i/fpu_i/fpu_divsqrt_tp/precess_U0/alu_operand_a_ex_o[25]_i_5/O
                         net (fo=6, unplaced)         0.481    42.765    pulpino_i/core_region_i/CORE.RISCV_CORE/if_stage_i/data_type_ex_o_reg[1]_14
                         LUT6 (Prop_lut6_I1_O)        0.124    42.889 r  pulpino_i/core_region_i/CORE.RISCV_CORE/if_stage_i/hwlp_counter_q[0][24]_i_4/O
                         net (fo=1, unplaced)         0.640    43.529    pulpino_i/core_region_i/CORE.RISCV_CORE/if_stage_i/hwlp_counter_q[0][24]_i_4_n_0
                         CARRY4 (Prop_carry4_DI[1]_CO[3])
                                                      0.520    44.049 r  pulpino_i/core_region_i/CORE.RISCV_CORE/if_stage_i/hwlp_counter_q_reg[0][24]_i_1/CO[3]
                         net (fo=1, unplaced)         0.000    44.049    pulpino_i/core_region_i/CORE.RISCV_CORE/if_stage_i/hwlp_counter_q_reg[0][24]_i_1_n_0
                         CARRY4 (Prop_carry4_CI_O[1])
                                                      0.337    44.386 r  pulpino_i/core_region_i/CORE.RISCV_CORE/if_stage_i/hwlp_counter_q_reg[0][28]_i_1/O[1]
                         net (fo=1, unplaced)         0.000    44.386    pulpino_i/core_region_i/CORE.RISCV_CORE/id_stage_i/hwloop_regs_i/hwlp_counter_q_reg[0][30]_0[1]
                         FDCE                                         r  pulpino_i/core_region_i/CORE.RISCV_CORE/id_stage_i/hwloop_regs_i/hwlp_counter_q_reg[0][29]/D
  -------------------------------------------------------------------    -------------------

                         (clock clk rise edge)       50.000    50.000 r  
    Y6                                                0.000    50.000 r  clk (IN)
                         net (fo=0)                   0.000    50.000    clk
    Y6                   IBUF (Prop_ibuf_I_O)         0.836    50.836 r  clk_IBUF_inst/O
                         net (fo=1, unplaced)         0.000    50.836    clk_IBUF
                         BUFG (Prop_bufg_I_O)         0.091    50.927 r  clk_IBUF_BUFG_inst/O
                         net (fo=10693, unplaced)     0.760    51.687    pulpino_i/core_region_i/CORE.RISCV_CORE/id_stage_i/hwloop_regs_i/clk_IBUF_BUFG
                         FDCE                                         r  pulpino_i/core_region_i/CORE.RISCV_CORE/id_stage_i/hwloop_regs_i/hwlp_counter_q_reg[0][29]/C
                         clock pessimism              0.144    51.830    
                         clock uncertainty           -0.035    51.795    
                         FDCE (Setup_fdce_C_D)        0.076    51.871    pulpino_i/core_region_i/CORE.RISCV_CORE/id_stage_i/hwloop_regs_i/hwlp_counter_q_reg[0][29]
  -------------------------------------------------------------------
                         required time                         51.871    
                         arrival time                         -44.386    
  -------------------------------------------------------------------
                         slack                                  7.485    

Slack (MET) :             11.965ns  (required time - arrival time)
  Source:                 pulpino_i/core_region_i/adv_dbg_if_i/dbg_module_i/i_dbg_axi/bit_count_reg[0]/C
                            (rising edge-triggered cell FDCE clocked by tck  {rise@0.000ns fall@20.000ns period=40.000ns})
  Destination:            pulpino_i/core_region_i/adv_dbg_if_i/cluster_tap_i/tdo_pad_o_reg/D
                            (falling edge-triggered cell FDCE clocked by tck  {rise@0.000ns fall@20.000ns period=40.000ns})
  Path Group:             tck
  Path Type:              Setup (Max at Slow Process Corner)
  Requirement:            20.000ns  (tck fall@20.000ns - tck rise@0.000ns)
  Data Path Delay:        8.007ns  (logic 2.420ns (30.224%)  route 5.587ns (69.776%))
  Logic Levels:           12  (LUT4=2 LUT5=1 LUT6=8 MUXF7=1)
  Clock Path Skew:        -0.040ns (DCD - SCD + CPR)
    Destination Clock Delay (DCD):    1.693ns = ( 21.693 - 20.000 ) 
    Source Clock Delay      (SCD):    1.876ns
    Clock Pessimism Removal (CPR):    0.144ns
  Clock Uncertainty:      0.035ns  ((TSJ^2 + TIJ^2)^1/2 + DJ) / 2 + PE
    Total System Jitter     (TSJ):    0.071ns
    Total Input Jitter      (TIJ):    0.000ns
    Discrete Jitter          (DJ):    0.000ns
    Phase Error              (PE):    0.000ns

    Location             Delay type                Incr(ns)  Path(ns)    Netlist Resource(s)
  -------------------------------------------------------------------    -------------------
                         (clock tck rise edge)        0.000     0.000 r  
    Y9                                                0.000     0.000 r  tck_i (IN)
                         net (fo=0)                   0.000     0.000    tck_i
    Y9                   IBUF (Prop_ibuf_I_O)         0.975     0.975 r  tck_i_IBUF_inst/O
                         net (fo=1, unplaced)         0.000     0.975    tck_i_IBUF
                         BUFG (Prop_bufg_I_O)         0.101     1.076 r  tck_i_IBUF_BUFG_inst/O
                         net (fo=411, unplaced)       0.800     1.876    pulpino_i/core_region_i/adv_dbg_if_i/dbg_module_i/i_dbg_axi/tck_i
                         FDCE                                         r  pulpino_i/core_region_i/adv_dbg_if_i/dbg_module_i/i_dbg_axi/bit_count_reg[0]/C
  -------------------------------------------------------------------    -------------------
                         FDCE (Prop_fdce_C_Q)         0.478     2.354 f  pulpino_i/core_region_i/adv_dbg_if_i/dbg_module_i/i_dbg_axi/bit_count_reg[0]/Q
                         net (fo=9, unplaced)         0.782     3.136    pulpino_i/core_region_i/adv_dbg_if_i/dbg_module_i/i_dbg_axi/axi_crc_i/bit_count_reg[5]_0[0]
                         LUT4 (Prop_lut4_I1_O)        0.295     3.431 r  pulpino_i/core_region_i/adv_dbg_if_i/dbg_module_i/i_dbg_axi/axi_crc_i/bit_count[5]_i_5/O
                         net (fo=2, unplaced)         0.460     3.891    pulpino_i/core_region_i/adv_dbg_if_i/dbg_module_i/i_dbg_axi/axi_crc_i/bit_count_reg[5]
                         LUT6 (Prop_lut6_I5_O)        0.124     4.015 r  pulpino_i/core_region_i/adv_dbg_if_i/dbg_module_i/i_dbg_axi/axi_crc_i/data_out_shift_reg[32]_i_13/O
                         net (fo=1, unplaced)         0.449     4.464    pulpino_i/core_region_i/adv_dbg_if_i/dbg_module_i/i_dbg_axi/axi_crc_i/data_out_shift_reg[32]_i_13_n_0
                         LUT6 (Prop_lut6_I5_O)        0.124     4.588 r  pulpino_i/core_region_i/adv_dbg_if_i/dbg_module_i/i_dbg_axi/axi_crc_i/data_out_shift_reg[32]_i_10/O
                         net (fo=1, unplaced)         0.449     5.037    pulpino_i/core_region_i/adv_dbg_if_i/dbg_module_i/i_dbg_axi/axi_crc_i/data_out_shift_reg[32]_i_10_n_0
                         LUT6 (Prop_lut6_I0_O)        0.124     5.161 r  pulpino_i/core_region_i/adv_dbg_if_i/dbg_module_i/i_dbg_axi/axi_crc_i/data_out_shift_reg[32]_i_9/O
                         net (fo=11, unplaced)        0.495     5.656    pulpino_i/core_region_i/adv_dbg_if_i/dbg_module_i/i_dbg_axi/axi_crc_i/word_count_reg_0__s_net_1
                         LUT6 (Prop_lut6_I1_O)        0.124     5.780 r  pulpino_i/core_region_i/adv_dbg_if_i/dbg_module_i/i_dbg_axi/axi_crc_i/operation[3]_i_17/O
                         net (fo=1, unplaced)         0.449     6.229    pulpino_i/core_region_i/adv_dbg_if_i/dbg_module_i/i_dbg_axi/axi_crc_i/operation[3]_i_17_n_0
                         LUT6 (Prop_lut6_I3_O)        0.124     6.353 r  pulpino_i/core_region_i/adv_dbg_if_i/dbg_module_i/i_dbg_axi/axi_crc_i/operation[3]_i_12/O
                         net (fo=1, unplaced)         0.000     6.353    pulpino_i/core_region_i/adv_dbg_if_i/dbg_module_i/i_dbg_axi/axi_biu_i/FSM_sequential_module_state_reg[1]_1
                         MUXF7 (Prop_muxf7_I0_O)      0.241     6.594 r  pulpino_i/core_region_i/adv_dbg_if_i/dbg_module_i/i_dbg_axi/axi_biu_i/operation_reg[3]_i_5/O
                         net (fo=5, unplaced)         0.696     7.290    pulpino_i/core_region_i/adv_dbg_if_i/dbg_module_i/i_dbg_axi/axi_biu_i/operation_reg[3]_i_5_n_0
                         LUT4 (Prop_lut4_I0_O)        0.290     7.580 f  pulpino_i/core_region_i/adv_dbg_if_i/dbg_module_i/i_dbg_axi/axi_biu_i/tdo_pad_o_i_26/O
                         net (fo=2, unplaced)         0.460     8.040    pulpino_i/core_region_i/adv_dbg_if_i/dbg_module_i/i_dbg_axi/axi_biu_i/tdo_pad_o_i_26_n_0
                         LUT5 (Prop_lut5_I0_O)        0.124     8.164 r  pulpino_i/core_region_i/adv_dbg_if_i/dbg_module_i/i_dbg_axi/axi_biu_i/tdo_pad_o_i_13/O
                         net (fo=1, unplaced)         0.449     8.613    pulpino_i/core_region_i/adv_dbg_if_i/dbg_module_i/i_dbg_axi/axi_biu_i/tdo_output_sel[0]
                         LUT6 (Prop_lut6_I2_O)        0.124     8.737 r  pulpino_i/core_region_i/adv_dbg_if_i/dbg_module_i/i_dbg_axi/axi_biu_i/tdo_pad_o_i_7/O
                         net (fo=1, unplaced)         0.449     9.186    pulpino_i/core_region_i/adv_dbg_if_i/cluster_tap_i/crc_reg[0]_0
                         LUT6 (Prop_lut6_I4_O)        0.124     9.310 r  pulpino_i/core_region_i/adv_dbg_if_i/cluster_tap_i/tdo_pad_o_i_3/O
                         net (fo=1, unplaced)         0.449     9.759    pulpino_i/core_region_i/adv_dbg_if_i/cluster_tap_i/tdo_pad_o_i_3_n_0
                         LUT6 (Prop_lut6_I5_O)        0.124     9.883 r  pulpino_i/core_region_i/adv_dbg_if_i/cluster_tap_i/tdo_pad_o_i_1/O
                         net (fo=1, unplaced)         0.000     9.883    pulpino_i/core_region_i/adv_dbg_if_i/cluster_tap_i/tdo_pad_o_i_1_n_0
                         FDCE                                         r  pulpino_i/core_region_i/adv_dbg_if_i/cluster_tap_i/tdo_pad_o_reg/D
  -------------------------------------------------------------------    -------------------

                         (clock tck fall edge)       20.000    20.000 f  
    Y9                                                0.000    20.000 f  tck_i (IN)
                         net (fo=0)                   0.000    20.000    tck_i
    Y9                   IBUF (Prop_ibuf_I_O)         0.842    20.842 f  tck_i_IBUF_inst/O
                         net (fo=1, unplaced)         0.000    20.842    tck_i_IBUF
                         BUFG (Prop_bufg_I_O)         0.091    20.933 f  tck_i_IBUF_BUFG_inst/O
                         net (fo=411, unplaced)       0.760    21.693    pulpino_i/core_region_i/adv_dbg_if_i/cluster_tap_i/CLK
                         FDCE                                         r  pulpino_i/core_region_i/adv_dbg_if_i/cluster_tap_i/tdo_pad_o_reg/C  (IS_INVERTED)
                         clock pessimism              0.144    21.836    
                         clock uncertainty           -0.035    21.801    
                         FDCE (Setup_fdce_C_D)        0.047    21.848    pulpino_i/core_region_i/adv_dbg_if_i/cluster_tap_i/tdo_pad_o_reg
  -------------------------------------------------------------------
                         required time                         21.848    
                         arrival time                          -9.883    
  -------------------------------------------------------------------
                         slack                                 11.965    

Slack (MET) :             16.334ns  (required time - arrival time)
  Source:                 pulpino_i/peripherals_i/axi_spi_slave_i/axi_spi_slave_i/u_txreg/counter_reg[5]/C
                            (falling edge-triggered cell FDCE clocked by spi_sck  {rise@0.000ns fall@20.000ns period=40.000ns})
  Destination:            pulpino_i/peripherals_i/axi_spi_slave_i/axi_spi_slave_i/u_slave_sm/tx_done_reg_reg/D
                            (rising edge-triggered cell FDCE clocked by spi_sck  {rise@0.000ns fall@20.000ns period=40.000ns})
  Path Group:             spi_sck
  Path Type:              Setup (Max at Slow Process Corner)
  Requirement:            20.000ns  (spi_sck rise@40.000ns - spi_sck fall@20.000ns)
  Data Path Delay:        3.635ns  (logic 1.040ns (28.611%)  route 2.595ns (71.389%))
  Logic Levels:           3  (LUT3=1 LUT4=2)
  Clock Path Skew:        -0.040ns (DCD - SCD + CPR)
    Destination Clock Delay (DCD):    1.724ns = ( 41.724 - 40.000 ) 
    Source Clock Delay      (SCD):    1.908ns = ( 21.908 - 20.000 ) 
    Clock Pessimism Removal (CPR):    0.144ns
  Clock Uncertainty:      0.035ns  ((TSJ^2 + TIJ^2)^1/2 + DJ) / 2 + PE
    Total System Jitter     (TSJ):    0.071ns
    Total Input Jitter      (TIJ):    0.000ns
    Discrete Jitter          (DJ):    0.000ns
    Phase Error              (PE):    0.000ns

    Location             Delay type                Incr(ns)  Path(ns)    Netlist Resource(s)
  -------------------------------------------------------------------    -------------------
                         (clock spi_sck fall edge)   20.000    20.000 f  
    AA9                                               0.000    20.000 f  spi_clk_i (IN)
                         net (fo=0)                   0.000    20.000    spi_clk_i
    AA9                  IBUF (Prop_ibuf_I_O)         1.008    21.008 f  spi_clk_i_IBUF_inst/O
                         net (fo=1, unplaced)         0.000    21.008    spi_clk_i_IBUF
                         BUFG (Prop_bufg_I_O)         0.101    21.109 f  spi_clk_i_IBUF_BUFG_inst/O
                         net (fo=497, unplaced)       0.800    21.908    pulpino_i/peripherals_i/axi_spi_slave_i/axi_spi_slave_i/u_txreg/sclk_test
                         FDCE                                         r  pulpino_i/peripherals_i/axi_spi_slave_i/axi_spi_slave_i/u_txreg/counter_reg[5]/C  (IS_INVERTED)
  -------------------------------------------------------------------    -------------------
                         FDCE (Prop_fdce_C_Q)         0.481    22.389 f  pulpino_i/peripherals_i/axi_spi_slave_i/axi_spi_slave_i/u_txreg/counter_reg[5]/Q
                         net (fo=3, unplaced)         0.759    23.148    pulpino_i/peripherals_i/axi_spi_slave_i/axi_spi_slave_i/u_txreg/counter_reg[5]
                         LUT4 (Prop_lut4_I1_O)        0.295    23.443 r  pulpino_i/peripherals_i/axi_spi_slave_i/axi_spi_slave_i/u_txreg/tx_done_reg_i_4/O
                         net (fo=1, unplaced)         0.902    24.345    pulpino_i/peripherals_i/axi_spi_slave_i/axi_spi_slave_i/u_txreg/tx_done_reg_i_4_n_0
                         LUT4 (Prop_lut4_I1_O)        0.116    24.461 r  pulpino_i/peripherals_i/axi_spi_slave_i/axi_spi_slave_i/u_txreg/tx_done_reg_i_2/O
                         net (fo=6, unplaced)         0.934    25.395    pulpino_i/peripherals_i/axi_spi_slave_i/axi_spi_slave_i/u_txreg/counter_reg[0]_0
                         LUT3 (Prop_lut3_I0_O)        0.148    25.543 r  pulpino_i/peripherals_i/axi_spi_slave_i/axi_spi_slave_i/u_txreg/tx_done_reg_i_1/O
                         net (fo=1, unplaced)         0.000    25.543    pulpino_i/peripherals_i/axi_spi_slave_i/axi_spi_slave_i/u_slave_sm/tx_done
                         FDCE                                         r  pulpino_i/peripherals_i/axi_spi_slave_i/axi_spi_slave_i/u_slave_sm/tx_done_reg_reg/D
  -------------------------------------------------------------------    -------------------

                         (clock spi_sck rise edge)   40.000    40.000 r  
    AA9                                               0.000    40.000 r  spi_clk_i (IN)
                         net (fo=0)                   0.000    40.000    spi_clk_i
    AA9                  IBUF (Prop_ibuf_I_O)         0.874    40.874 r  spi_clk_i_IBUF_inst/O
                         net (fo=1, unplaced)         0.000    40.874    spi_clk_i_IBUF
                         BUFG (Prop_bufg_I_O)         0.091    40.965 r  spi_clk_i_IBUF_BUFG_inst/O
                         net (fo=497, unplaced)       0.760    41.724    pulpino_i/peripherals_i/axi_spi_slave_i/axi_spi_slave_i/u_slave_sm/spi_clk_i_IBUF_BUFG
                         FDCE                                         r  pulpino_i/peripherals_i/axi_spi_slave_i/axi_spi_slave_i/u_slave_sm/tx_done_reg_reg/C
                         clock pessimism              0.144    41.868    
                         clock uncertainty           -0.035    41.833    
                         FDCE (Setup_fdce_C_D)        0.044    41.877    pulpino_i/peripherals_i/axi_spi_slave_i/axi_spi_slave_i/u_slave_sm/tx_done_reg_reg
  -------------------------------------------------------------------
                         required time                         41.877    
                         arrival time                         -25.543    
  -------------------------------------------------------------------
                         slack                                 16.334    

Slack (MET) :             47.498ns  (required time - arrival time)
  Source:                 pulpino_i/clk_rst_gen_i/i_rst_gen_soc/s_rst_n_reg/C
                            (rising edge-triggered cell FDCE clocked by clk  {rise@0.000ns fall@25.000ns period=50.000ns})
  Destination:            pulpino_i/core_region_i/CORE.RISCV_CORE/cs_registers_i/PCMR_q_reg[0]/PRE
                            (recovery check against rising-edge clock clk  {rise@0.000ns fall@25.000ns period=50.000ns})
  Path Group:             **async_default**
  Path Type:              Recovery (Max at Slow Process Corner)
  Requirement:            50.000ns  (clk rise@50.000ns - clk rise@0.000ns)
  Data Path Delay:        2.033ns  (logic 0.773ns (38.023%)  route 1.260ns (61.977%))
  Logic Levels:           1  (LUT1=1)
  Clock Path Skew:        -0.040ns (DCD - SCD + CPR)
    Destination Clock Delay (DCD):    1.687ns = ( 51.687 - 50.000 ) 
    Source Clock Delay      (SCD):    1.870ns
    Clock Pessimism Removal (CPR):    0.144ns
  Clock Uncertainty:      0.035ns  ((TSJ^2 + TIJ^2)^1/2 + DJ) / 2 + PE
    Total System Jitter     (TSJ):    0.071ns
    Total Input Jitter      (TIJ):    0.000ns
    Discrete Jitter          (DJ):    0.000ns
    Phase Error              (PE):    0.000ns

    Location             Delay type                Incr(ns)  Path(ns)    Netlist Resource(s)
  -------------------------------------------------------------------    -------------------
                         (clock clk rise edge)        0.000     0.000 r  
    Y6                                                0.000     0.000 r  clk (IN)
                         net (fo=0)                   0.000     0.000    clk
    Y6                   IBUF (Prop_ibuf_I_O)         0.969     0.969 r  clk_IBUF_inst/O
                         net (fo=1, unplaced)         0.000     0.969    clk_IBUF
                         BUFG (Prop_bufg_I_O)         0.101     1.070 r  clk_IBUF_BUFG_inst/O
                         net (fo=10693, unplaced)     0.800     1.870    pulpino_i/clk_rst_gen_i/i_rst_gen_soc/clk_IBUF_BUFG
                         FDCE                                         r  pulpino_i/clk_rst_gen_i/i_rst_gen_soc/s_rst_n_reg/C
  -------------------------------------------------------------------    -------------------
                         FDCE (Prop_fdce_C_Q)         0.478     2.348 r  pulpino_i/clk_rst_gen_i/i_rst_gen_soc/s_rst_n_reg/Q
                         net (fo=6, unplaced)         0.343     2.691    pulpino_i/clk_rst_gen_i/i_rst_gen_soc/s_rst_n
                         LUT1 (Prop_lut1_I0_O)        0.295     2.986 f  pulpino_i/clk_rst_gen_i/i_rst_gen_soc/Cnt_DP[5]_i_3/O
                         net (fo=10816, unplaced)     0.917     3.903    pulpino_i/core_region_i/CORE.RISCV_CORE/cs_registers_i/s_rst_n_reg
                         FDPE                                         f  pulpino_i/core_region_i/CORE.RISCV_CORE/cs_registers_i/PCMR_q_reg[0]/PRE
  -------------------------------------------------------------------    -------------------

                         (clock clk rise edge)       50.000    50.000 r  
    Y6                                                0.000    50.000 r  clk (IN)
                         net (fo=0)                   0.000    50.000    clk
    Y6                   IBUF (Prop_ibuf_I_O)         0.836    50.836 r  clk_IBUF_inst/O
                         net (fo=1, unplaced)         0.000    50.836    clk_IBUF
                         BUFG (Prop_bufg_I_O)         0.091    50.927 r  clk_IBUF_BUFG_inst/O
                         net (fo=10693, unplaced)     0.760    51.687    pulpino_i/core_region_i/CORE.RISCV_CORE/cs_registers_i/clk_IBUF_BUFG
                         FDPE                                         r  pulpino_i/core_region_i/CORE.RISCV_CORE/cs_registers_i/PCMR_q_reg[0]/C
                         clock pessimism              0.144    51.830    
                         clock uncertainty           -0.035    51.795    
                         FDPE (Recov_fdpe_C_PRE)     -0.394    51.401    pulpino_i/core_region_i/CORE.RISCV_CORE/cs_registers_i/PCMR_q_reg[0]
  -------------------------------------------------------------------
                         required time                         51.401    
                         arrival time                          -3.903    
  -------------------------------------------------------------------
                         slack                                 47.498    




