Copyright 1986-2015 Xilinx, Inc. All Rights Reserved.
----------------------------------------------------------------------------------------------
| Tool Version : Vivado v.2015.1 (lin64) Build 1215546 Mon Apr 27 19:07:21 MDT 2015
| Date         : Mon Nov 25 23:09:55 2019
| Host         : localhost.localdomain running 64-bit unknown
| Command      : report_utilization -hierarchical -file reports_RISCY/pulpino.utilization.rpt
| Design       : pulpino
| Device       : xc7z020
| Design State : Synthesized
----------------------------------------------------------------------------------------------

Utilization Design Information

Table of Contents
-----------------
1. Utilization by Hierarchy

1. Utilization by Hierarchy
---------------------------

+-----------------------------------------------+-------------------------------------------------------------------+------------+------------+---------+------+------+--------+--------+--------------+
|                    Instance                   |                               Module                              | Total LUTs | Logic LUTs | LUTRAMs | SRLs |  FFs | RAMB36 | RAMB18 | DSP48 Blocks |
+-----------------------------------------------+-------------------------------------------------------------------+------------+------------+---------+------+------+--------+--------+--------------+
| pulpino                                       |                                                             (top) |      16479 |      16479 |       0 |    0 | 9871 |     16 |      0 |            6 |
|   (pulpino)                                   |                                                             (top) |         44 |         44 |       0 |    0 |    0 |      0 |      0 |            0 |
|   pulpino_i                                   |                                                       pulpino_top |      16435 |      16435 |       0 |    0 | 9871 |     16 |      0 |            6 |
|     axi_interconnect_i                        |                                                axi_node_intf_wrap |        634 |        634 |       0 |    0 |  321 |      0 |      0 |            0 |
|       axi_node_i                              |                                                          axi_node |        634 |        634 |       0 |    0 |  321 |      0 |      0 |            0 |
|         _REQ_BLOCK_GEN[0].REQ_BLOCK           |                                                 axi_request_block |         75 |         75 |       0 |    0 |   37 |      0 |      0 |            0 |
|           AR_ALLOCATOR                        |                                               axi_AR_allocator_68 |          1 |          1 |       0 |    0 |    2 |      0 |      0 |            0 |
|             AW_ARB_TREE                       |                                            axi_ArbitrationTree_74 |          1 |          1 |       0 |    0 |    2 |      0 |      0 |            0 |
|               RR_REQ                          |                                                axi_RR_Flag_Req_75 |          1 |          1 |       0 |    0 |    2 |      0 |      0 |            0 |
|           AW_ALLOCATOR                        |                                               axi_AW_allocator_69 |         17 |         17 |       0 |    0 |    2 |      0 |      0 |            0 |
|             AW_ARB_TREE                       |                                            axi_ArbitrationTree_72 |         17 |         17 |       0 |    0 |    2 |      0 |      0 |            0 |
|               RR_REQ                          |                                                axi_RR_Flag_Req_73 |         17 |         17 |       0 |    0 |    2 |      0 |      0 |            0 |
|           DW_ALLOC                            |                                               axi_DW_allocator_70 |         57 |         57 |       0 |    0 |   33 |      0 |      0 |            0 |
|             (DW_ALLOC)                        |                                               axi_DW_allocator_70 |          0 |          0 |       0 |    0 |    1 |      0 |      0 |            0 |
|             MASTER_ID_FIFO                    |                                  generic_fifo__parameterized17_71 |         57 |         57 |       0 |    0 |   32 |      0 |      0 |            0 |
|         _REQ_BLOCK_GEN[1].REQ_BLOCK           |                                              axi_request_block_32 |         73 |         73 |       0 |    0 |   37 |      0 |      0 |            0 |
|           AR_ALLOCATOR                        |                                               axi_AR_allocator_60 |          1 |          1 |       0 |    0 |    2 |      0 |      0 |            0 |
|             AW_ARB_TREE                       |                                            axi_ArbitrationTree_66 |          1 |          1 |       0 |    0 |    2 |      0 |      0 |            0 |
|               RR_REQ                          |                                                axi_RR_Flag_Req_67 |          1 |          1 |       0 |    0 |    2 |      0 |      0 |            0 |
|           AW_ALLOCATOR                        |                                               axi_AW_allocator_61 |         19 |         19 |       0 |    0 |    2 |      0 |      0 |            0 |
|             AW_ARB_TREE                       |                                            axi_ArbitrationTree_64 |         19 |         19 |       0 |    0 |    2 |      0 |      0 |            0 |
|               RR_REQ                          |                                                axi_RR_Flag_Req_65 |         19 |         19 |       0 |    0 |    2 |      0 |      0 |            0 |
|           DW_ALLOC                            |                                               axi_DW_allocator_62 |         53 |         53 |       0 |    0 |   33 |      0 |      0 |            0 |
|             (DW_ALLOC)                        |                                               axi_DW_allocator_62 |          0 |          0 |       0 |    0 |    1 |      0 |      0 |            0 |
|             MASTER_ID_FIFO                    |                                  generic_fifo__parameterized17_63 |         53 |         53 |       0 |    0 |   32 |      0 |      0 |            0 |
|         _REQ_BLOCK_GEN[2].REQ_BLOCK           |                                              axi_request_block_33 |         89 |         89 |       0 |    0 |   37 |      0 |      0 |            0 |
|           AR_ALLOCATOR                        |                                                  axi_AR_allocator |          1 |          1 |       0 |    0 |    2 |      0 |      0 |            0 |
|             AW_ARB_TREE                       |                                            axi_ArbitrationTree_58 |          1 |          1 |       0 |    0 |    2 |      0 |      0 |            0 |
|               RR_REQ                          |                                                axi_RR_Flag_Req_59 |          1 |          1 |       0 |    0 |    2 |      0 |      0 |            0 |
|           AW_ALLOCATOR                        |                                                  axi_AW_allocator |         37 |         37 |       0 |    0 |    2 |      0 |      0 |            0 |
|             AW_ARB_TREE                       |                                               axi_ArbitrationTree |         37 |         37 |       0 |    0 |    2 |      0 |      0 |            0 |
|               RR_REQ                          |                                                axi_RR_Flag_Req_57 |         37 |         37 |       0 |    0 |    2 |      0 |      0 |            0 |
|           DW_ALLOC                            |                                                  axi_DW_allocator |         51 |         51 |       0 |    0 |   33 |      0 |      0 |            0 |
|             (DW_ALLOC)                        |                                                  axi_DW_allocator |          0 |          0 |       0 |    0 |    1 |      0 |      0 |            0 |
|             MASTER_ID_FIFO                    |                                     generic_fifo__parameterized17 |         51 |         51 |       0 |    0 |   32 |      0 |      0 |            0 |
|         _RESP_BLOCK_GEN[0].RESP_BLOCK         |                                                axi_response_block |        124 |        124 |       0 |    0 |   70 |      0 |      0 |            0 |
|           AR_ADDR_DEC                         |                                         axi_address_decoder_AR_47 |          0 |          0 |       0 |    0 |    1 |      0 |      0 |            0 |
|           AW_ADDR_DEC                         |                                         axi_address_decoder_AW_48 |          9 |          9 |       0 |    0 |    2 |      0 |      0 |            0 |
|           BR_ALLOC                            |                                               axi_BR_allocator_49 |         47 |         47 |       0 |    0 |   22 |      0 |      0 |            0 |
|             (BR_ALLOC)                        |                                               axi_BR_allocator_49 |         45 |         45 |       0 |    0 |   20 |      0 |      0 |            0 |
|             ARB_TREE.BR_ARB_TREE              |                            axi_ArbitrationTree__parameterized1_55 |          2 |          2 |       0 |    0 |    2 |      0 |      0 |            0 |
|               RR_REQ                          |                                                axi_RR_Flag_Req_56 |          2 |          2 |       0 |    0 |    2 |      0 |      0 |            0 |
|           BW_ALLOC                            |                                               axi_BW_allocator_50 |         20 |         20 |       0 |    0 |   13 |      0 |      0 |            0 |
|             (BW_ALLOC)                        |                                               axi_BW_allocator_50 |         19 |         19 |       0 |    0 |   11 |      0 |      0 |            0 |
|             ARB_TREE.BW_ARB_TREE              |                            axi_ArbitrationTree__parameterized0_53 |          1 |          1 |       0 |    0 |    2 |      0 |      0 |            0 |
|               RR_REQ                          |                                                axi_RR_Flag_Req_54 |          1 |          1 |       0 |    0 |    2 |      0 |      0 |            0 |
|           DW_ADDR_DEC                         |                                         axi_address_decoder_DW_51 |         48 |         48 |       0 |    0 |   32 |      0 |      0 |            0 |
|             MASTER_ID_FIFO                    |                                  generic_fifo__parameterized18_52 |         48 |         48 |       0 |    0 |   32 |      0 |      0 |            0 |
|         _RESP_BLOCK_GEN[1].RESP_BLOCK         |                                             axi_response_block_34 |        139 |        139 |       0 |    0 |   70 |      0 |      0 |            0 |
|           AR_ADDR_DEC                         |                                         axi_address_decoder_AR_37 |          0 |          0 |       0 |    0 |    1 |      0 |      0 |            0 |
|           AW_ADDR_DEC                         |                                         axi_address_decoder_AW_38 |         19 |         19 |       0 |    0 |    2 |      0 |      0 |            0 |
|           BR_ALLOC                            |                                               axi_BR_allocator_39 |         47 |         47 |       0 |    0 |   22 |      0 |      0 |            0 |
|             (BR_ALLOC)                        |                                               axi_BR_allocator_39 |         45 |         45 |       0 |    0 |   20 |      0 |      0 |            0 |
|             ARB_TREE.BR_ARB_TREE              |                            axi_ArbitrationTree__parameterized1_45 |          2 |          2 |       0 |    0 |    2 |      0 |      0 |            0 |
|               RR_REQ                          |                                                axi_RR_Flag_Req_46 |          2 |          2 |       0 |    0 |    2 |      0 |      0 |            0 |
|           BW_ALLOC                            |                                               axi_BW_allocator_40 |         22 |         22 |       0 |    0 |   13 |      0 |      0 |            0 |
|             (BW_ALLOC)                        |                                               axi_BW_allocator_40 |         20 |         20 |       0 |    0 |   11 |      0 |      0 |            0 |
|             ARB_TREE.BW_ARB_TREE              |                            axi_ArbitrationTree__parameterized0_43 |          2 |          2 |       0 |    0 |    2 |      0 |      0 |            0 |
|               RR_REQ                          |                                                axi_RR_Flag_Req_44 |          2 |          2 |       0 |    0 |    2 |      0 |      0 |            0 |
|           DW_ADDR_DEC                         |                                         axi_address_decoder_DW_41 |         51 |         51 |       0 |    0 |   32 |      0 |      0 |            0 |
|             MASTER_ID_FIFO                    |                                  generic_fifo__parameterized18_42 |         51 |         51 |       0 |    0 |   32 |      0 |      0 |            0 |
|         _RESP_BLOCK_GEN[2].RESP_BLOCK         |                                             axi_response_block_35 |        134 |        134 |       0 |    0 |   70 |      0 |      0 |            0 |
|           AR_ADDR_DEC                         |                                            axi_address_decoder_AR |          0 |          0 |       0 |    0 |    1 |      0 |      0 |            0 |
|           AW_ADDR_DEC                         |                                            axi_address_decoder_AW |         13 |         13 |       0 |    0 |    2 |      0 |      0 |            0 |
|           BR_ALLOC                            |                                                  axi_BR_allocator |         47 |         47 |       0 |    0 |   22 |      0 |      0 |            0 |
|             (BR_ALLOC)                        |                                                  axi_BR_allocator |         45 |         45 |       0 |    0 |   20 |      0 |      0 |            0 |
|             ARB_TREE.BR_ARB_TREE              |                               axi_ArbitrationTree__parameterized1 |          2 |          2 |       0 |    0 |    2 |      0 |      0 |            0 |
|               RR_REQ                          |                                                axi_RR_Flag_Req_36 |          2 |          2 |       0 |    0 |    2 |      0 |      0 |            0 |
|           BW_ALLOC                            |                                                  axi_BW_allocator |         21 |         21 |       0 |    0 |   13 |      0 |      0 |            0 |
|             (BW_ALLOC)                        |                                                  axi_BW_allocator |         20 |         20 |       0 |    0 |   11 |      0 |      0 |            0 |
|             ARB_TREE.BW_ARB_TREE              |                               axi_ArbitrationTree__parameterized0 |          1 |          1 |       0 |    0 |    2 |      0 |      0 |            0 |
|               RR_REQ                          |                                                   axi_RR_Flag_Req |          1 |          1 |       0 |    0 |    2 |      0 |      0 |            0 |
|           DW_ADDR_DEC                         |                                            axi_address_decoder_DW |         53 |         53 |       0 |    0 |   32 |      0 |      0 |            0 |
|             MASTER_ID_FIFO                    |                                     generic_fifo__parameterized18 |         53 |         53 |       0 |    0 |   32 |      0 |      0 |            0 |
|     clk_rst_gen_i                             |                                                       clk_rst_gen |          2 |          2 |       0 |    0 |    5 |      0 |      0 |            0 |
|       i_rst_gen_soc                           |                                                            rstgen |          2 |          2 |       0 |    0 |    5 |      0 |      0 |            0 |
|     core_region_i                             |                                                       core_region |      10051 |      10051 |       0 |    0 | 4406 |     16 |      0 |            6 |
|       (core_region_i)                         |                                                       core_region |        255 |        255 |       0 |    0 |    1 |      0 |      0 |            0 |
|       CORE.RISCV_CORE                         |                                                        riscv_core |       7151 |       7151 |       0 |    0 | 2570 |      0 |      0 |            6 |
|         (CORE.RISCV_CORE)                     |                                                        riscv_core |          6 |          6 |       0 |    0 |    1 |      0 |      0 |            0 |
|         cs_registers_i                        |                                                riscv_cs_registers |        680 |        680 |       0 |    0 |  450 |      0 |      0 |            0 |
|         debug_unit_i                          |                                                  riscv_debug_unit |        805 |        805 |       0 |    0 |   67 |      0 |      0 |            0 |
|         ex_stage_i                            |                                                    riscv_ex_stage |        413 |        413 |       0 |    0 |  117 |      0 |      0 |            6 |
|           (ex_stage_i)                        |                                                    riscv_ex_stage |         38 |         38 |       0 |    0 |    6 |      0 |      0 |            1 |
|           alu_i                               |                                                         riscv_alu |        217 |        217 |       0 |    0 |  107 |      0 |      0 |            0 |
|             int_div.div_i                     |                                                     riscv_alu_div |        217 |        217 |       0 |    0 |  107 |      0 |      0 |            0 |
|           mult_i                              |                                                        riscv_mult |        158 |        158 |       0 |    0 |    4 |      0 |      0 |            5 |
|         id_stage_i                            |                                                    riscv_id_stage |       3762 |       3762 |       0 |    0 | 1577 |      0 |      0 |            0 |
|           (id_stage_i)                        |                                                    riscv_id_stage |        728 |        728 |       0 |    0 |  379 |      0 |      0 |            0 |
|           controller_i                        |                                                  riscv_controller |        259 |        259 |       0 |    0 |    7 |      0 |      0 |            0 |
|           hwloop_regs_i                       |                                                 riscv_hwloop_regs |        288 |        288 |       0 |    0 |  192 |      0 |      0 |            0 |
|           int_controller_i                    |                                              riscv_int_controller |          9 |          9 |       0 |    0 |    7 |      0 |      0 |            0 |
|           registers_i                         |                                               riscv_register_file |       2540 |       2540 |       0 |    0 |  992 |      0 |      0 |            0 |
|         if_stage_i                            |                                                    riscv_if_stage |       1335 |       1335 |       0 |    0 |  318 |      0 |      0 |            0 |
|           (if_stage_i)                        |                                                    riscv_if_stage |        507 |        507 |       0 |    0 |   82 |      0 |      0 |            0 |
|           prefetch_32.prefetch_buffer_i       |                                             riscv_prefetch_buffer |        828 |        828 |       0 |    0 |  236 |      0 |      0 |            0 |
|             (prefetch_32.prefetch_buffer_i)   |                                             riscv_prefetch_buffer |         55 |         55 |       0 |    0 |   37 |      0 |      0 |            0 |
|             fifo_i                            |                                                  riscv_fetch_fifo |        773 |        773 |       0 |    0 |  199 |      0 |      0 |            0 |
|         load_store_unit_i                     |                                             riscv_load_store_unit |        150 |        150 |       0 |    0 |   40 |      0 |      0 |            0 |
|       adv_dbg_if_i                            |                                                        adv_dbg_if |        820 |        820 |       0 |    0 |  455 |      0 |      0 |            0 |
|         cluster_tap_i                         |                                                      adbg_tap_top |         57 |         57 |       0 |    0 |   46 |      0 |      0 |            0 |
|         dbg_module_i                          |                                                          adbg_top |        763 |        763 |       0 |    0 |  409 |      0 |      0 |            0 |
|           (dbg_module_i)                      |                                                          adbg_top |          1 |          1 |       0 |    0 |   62 |      0 |      0 |            0 |
|           i_dbg_axi                           |                                                   adbg_axi_module |        622 |        622 |       0 |    0 |  273 |      0 |      0 |            0 |
|             (i_dbg_axi)                       |                                                   adbg_axi_module |         85 |         85 |       0 |    0 |  128 |      0 |      0 |            0 |
|             axi_biu_i                         |                                                      adbg_axi_biu |        498 |        498 |       0 |    0 |  113 |      0 |      0 |            0 |
|             axi_crc_i                         |                                                     adbg_crc32_31 |         39 |         39 |       0 |    0 |   32 |      0 |      0 |            0 |
|           i_dbg_cpu_or1k                      |                                                  adbg_or1k_module |        140 |        140 |       0 |    0 |   74 |      0 |      0 |            0 |
|             (i_dbg_cpu_or1k)                  |                                                  adbg_or1k_module |         48 |         48 |       0 |    0 |   31 |      0 |      0 |            0 |
|             or1k_biu_i                        |                                                     adbg_or1k_biu |         53 |         53 |       0 |    0 |   10 |      0 |      0 |            0 |
|             or1k_crc_i                        |                                                        adbg_crc32 |         34 |         34 |       0 |    0 |   32 |      0 |      0 |            0 |
|             or1k_statusreg_i                  |                                              adbg_or1k_status_reg |          5 |          5 |       0 |    0 |    1 |      0 |      0 |            0 |
|       axi_slice_core2axi                      |                                                    axi_slice_wrap |        525 |        525 |       0 |    0 |  286 |      0 |      0 |            0 |
|         WITH_SLICE.axi_slice_i                |                                                         axi_slice |        525 |        525 |       0 |    0 |  286 |      0 |      0 |            0 |
|           ar_buffer_i                         |                                                     axi_ar_buffer |        216 |        216 |       0 |    0 |   68 |      0 |      0 |            0 |
|             buffer_i                          |                                                   generic_fifo_30 |        216 |        216 |       0 |    0 |   68 |      0 |      0 |            0 |
|           aw_buffer_i                         |                                                     axi_aw_buffer |        149 |        149 |       0 |    0 |   68 |      0 |      0 |            0 |
|             buffer_i                          |                                                      generic_fifo |        149 |        149 |       0 |    0 |   68 |      0 |      0 |            0 |
|           b_buffer_i                          |                                                      axi_b_buffer |         30 |         30 |       0 |    0 |    4 |      0 |      0 |            0 |
|             buffer_i                          |                                      generic_fifo__parameterized2 |         30 |         30 |       0 |    0 |    4 |      0 |      0 |            0 |
|           r_buffer_i                          |                                                      axi_r_buffer |         77 |         77 |       0 |    0 |   68 |      0 |      0 |            0 |
|             buffer_i                          |                                      generic_fifo__parameterized1 |         77 |         77 |       0 |    0 |   68 |      0 |      0 |            0 |
|           w_buffer_i                          |                                                   axi_w_buffer_28 |         53 |         53 |       0 |    0 |   78 |      0 |      0 |            0 |
|             buffer_i                          |                                   generic_fifo__parameterized0_29 |         53 |         53 |       0 |    0 |   78 |      0 |      0 |            0 |
|       core2axi_i                              |                                                     core2axi_wrap |         19 |         19 |       0 |    0 |    3 |      0 |      0 |            0 |
|         core2axi_i                            |                                                          core2axi |         19 |         19 |       0 |    0 |    3 |      0 |      0 |            0 |
|       data_mem                                |                                                       sp_ram_wrap |         19 |         19 |       0 |    0 |    1 |      8 |      0 |            0 |
|         (data_mem)                            |                                                       sp_ram_wrap |          0 |          0 |       0 |    0 |    0 |      0 |      0 |            0 |
|         sp_ram_i                              |                                                xilinx_mem_8192x32 |         19 |         19 |       0 |    0 |    1 |      8 |      0 |            0 |
|           (sp_ram_i)                          |                                                xilinx_mem_8192x32 |          0 |          0 |       0 |    0 |    0 |      0 |      0 |            0 |
|           U0                                  |                               xilinx_mem_8192x32_blk_mem_gen_v8_2 |         19 |         19 |       0 |    0 |    1 |      8 |      0 |            0 |
|             (U0)                              |                               xilinx_mem_8192x32_blk_mem_gen_v8_2 |          0 |          0 |       0 |    0 |    0 |      0 |      0 |            0 |
|             inst_blk_mem_gen                  |                         xilinx_mem_8192x32_blk_mem_gen_v8_2_synth |         19 |         19 |       0 |    0 |    1 |      8 |      0 |            0 |
|               gnativebmg.native_blk_mem_gen   |                                xilinx_mem_8192x32_blk_mem_gen_top |         19 |         19 |       0 |    0 |    1 |      8 |      0 |            0 |
|                 valid.cstr                    |                       xilinx_mem_8192x32_blk_mem_gen_generic_cstr |         19 |         19 |       0 |    0 |    1 |      8 |      0 |            0 |
|                   has_mux_a.A                 |                                xilinx_mem_8192x32_blk_mem_gen_mux |         17 |         17 |       0 |    0 |    1 |      0 |      0 |            0 |
|                   ramloop[0].ram.r            |                         xilinx_mem_8192x32_blk_mem_gen_prim_width |          0 |          0 |       0 |    0 |    0 |      1 |      0 |            0 |
|                     prim_noinit.ram           |                       xilinx_mem_8192x32_blk_mem_gen_prim_wrapper |          0 |          0 |       0 |    0 |    0 |      1 |      0 |            0 |
|                   ramloop[1].ram.r            |         xilinx_mem_8192x32_blk_mem_gen_prim_width__parameterized0 |          0 |          0 |       0 |    0 |    0 |      1 |      0 |            0 |
|                     prim_noinit.ram           |       xilinx_mem_8192x32_blk_mem_gen_prim_wrapper__parameterized0 |          0 |          0 |       0 |    0 |    0 |      1 |      0 |            0 |
|                   ramloop[2].ram.r            |         xilinx_mem_8192x32_blk_mem_gen_prim_width__parameterized1 |          0 |          0 |       0 |    0 |    0 |      1 |      0 |            0 |
|                     prim_noinit.ram           |       xilinx_mem_8192x32_blk_mem_gen_prim_wrapper__parameterized1 |          0 |          0 |       0 |    0 |    0 |      1 |      0 |            0 |
|                   ramloop[3].ram.r            |         xilinx_mem_8192x32_blk_mem_gen_prim_width__parameterized2 |          0 |          0 |       0 |    0 |    0 |      1 |      0 |            0 |
|                     prim_noinit.ram           |       xilinx_mem_8192x32_blk_mem_gen_prim_wrapper__parameterized2 |          0 |          0 |       0 |    0 |    0 |      1 |      0 |            0 |
|                   ramloop[4].ram.r            |         xilinx_mem_8192x32_blk_mem_gen_prim_width__parameterized3 |          1 |          1 |       0 |    0 |    0 |      1 |      0 |            0 |
|                     prim_noinit.ram           |       xilinx_mem_8192x32_blk_mem_gen_prim_wrapper__parameterized3 |          1 |          1 |       0 |    0 |    0 |      1 |      0 |            0 |
|                   ramloop[5].ram.r            |         xilinx_mem_8192x32_blk_mem_gen_prim_width__parameterized4 |          0 |          0 |       0 |    0 |    0 |      1 |      0 |            0 |
|                     prim_noinit.ram           |       xilinx_mem_8192x32_blk_mem_gen_prim_wrapper__parameterized4 |          0 |          0 |       0 |    0 |    0 |      1 |      0 |            0 |
|                   ramloop[6].ram.r            |         xilinx_mem_8192x32_blk_mem_gen_prim_width__parameterized5 |          0 |          0 |       0 |    0 |    0 |      1 |      0 |            0 |
|                     prim_noinit.ram           |       xilinx_mem_8192x32_blk_mem_gen_prim_wrapper__parameterized5 |          0 |          0 |       0 |    0 |    0 |      1 |      0 |            0 |
|                   ramloop[7].ram.r            |         xilinx_mem_8192x32_blk_mem_gen_prim_width__parameterized6 |          1 |          1 |       0 |    0 |    0 |      1 |      0 |            0 |
|                     prim_noinit.ram           |       xilinx_mem_8192x32_blk_mem_gen_prim_wrapper__parameterized6 |          1 |          1 |       0 |    0 |    0 |      1 |      0 |            0 |
|       data_mem_axi_if                         |                                axi_mem_if_SP_wrap__parameterized0 |        489 |        489 |       0 |    0 |  533 |      0 |      0 |            0 |
|         axi_mem_if_SP_i                       |                                     axi_mem_if_SP__parameterized0 |        489 |        489 |       0 |    0 |  533 |      0 |      0 |            0 |
|           (axi_mem_if_SP_i)                   |                                     axi_mem_if_SP__parameterized0 |          0 |          0 |       0 |    0 |    1 |      0 |      0 |            0 |
|           READ_CTRL                           |                                axi_read_only_ctrl__parameterized0 |        140 |        140 |       0 |    0 |   59 |      0 |      0 |            0 |
|           Slave_ar_buffer_LP                  |                                     axi_ar_buffer__parameterized1 |         51 |         51 |       0 |    0 |   66 |      0 |      0 |            0 |
|             buffer_i                          |                                      generic_fifo__parameterized9 |         51 |         51 |       0 |    0 |   66 |      0 |      0 |            0 |
|           Slave_aw_buffer_LP                  |                                     axi_aw_buffer__parameterized1 |         50 |         50 |       0 |    0 |   66 |      0 |      0 |            0 |
|             buffer_i                          |                                      generic_fifo__parameterized8 |         50 |         50 |       0 |    0 |   66 |      0 |      0 |            0 |
|           Slave_b_buffer_LP                   |                                      axi_b_buffer__parameterized1 |         43 |         43 |       0 |    0 |   14 |      0 |      0 |            0 |
|             buffer_i                          |                                     generic_fifo__parameterized12 |         43 |         43 |       0 |    0 |   14 |      0 |      0 |            0 |
|           Slave_r_buffer_LP                   |                                      axi_r_buffer__parameterized1 |         77 |         77 |       0 |    0 |  146 |      0 |      0 |            0 |
|             buffer_i                          |                                     generic_fifo__parameterized11 |         77 |         77 |       0 |    0 |  146 |      0 |      0 |            0 |
|           Slave_w_buffer_LP                   |                                      axi_w_buffer__parameterized1 |         72 |         72 |       0 |    0 |  154 |      0 |      0 |            0 |
|             buffer_i                          |                                     generic_fifo__parameterized10 |         72 |         72 |       0 |    0 |  154 |      0 |      0 |            0 |
|           WRITE_CTRL                          |                               axi_write_only_ctrl__parameterized0 |         56 |         56 |       0 |    0 |   27 |      0 |      0 |            0 |
|       data_ram_mux_i                          |                                           ram_mux__parameterized0 |          0 |          0 |       0 |    0 |    1 |      0 |      0 |            0 |
|       instr_mem                               |                                                    instr_ram_wrap |        145 |        145 |       0 |    0 |   12 |      8 |      0 |            0 |
|         (instr_mem)                           |                                                    instr_ram_wrap |         32 |         32 |       0 |    0 |    1 |      0 |      0 |            0 |
|         boot_rom_wrap_i                       |                                                     boot_rom_wrap |         94 |         94 |       0 |    0 |   10 |      0 |      0 |            0 |
|           boot_code_i                         |                                                         boot_code |         94 |         94 |       0 |    0 |   10 |      0 |      0 |            0 |
|         sp_ram_wrap_i                         |                                                    sp_ram_wrap_27 |         19 |         19 |       0 |    0 |    1 |      8 |      0 |            0 |
|           (sp_ram_wrap_i)                     |                                                    sp_ram_wrap_27 |          0 |          0 |       0 |    0 |    0 |      0 |      0 |            0 |
|           sp_ram_i                            |                                          xilinx_mem_8192x32_HD145 |         19 |         19 |       0 |    0 |    1 |      8 |      0 |            0 |
|             (sp_ram_i)                        |                                          xilinx_mem_8192x32_HD145 |          0 |          0 |       0 |    0 |    0 |      0 |      0 |            0 |
|             U0                                |                         xilinx_mem_8192x32_blk_mem_gen_v8_2_HD146 |         19 |         19 |       0 |    0 |    1 |      8 |      0 |            0 |
|               (U0)                            |                         xilinx_mem_8192x32_blk_mem_gen_v8_2_HD146 |          0 |          0 |       0 |    0 |    0 |      0 |      0 |            0 |
|               inst_blk_mem_gen                |                   xilinx_mem_8192x32_blk_mem_gen_v8_2_synth_HD147 |         19 |         19 |       0 |    0 |    1 |      8 |      0 |            0 |
|                 gnativebmg.native_blk_mem_gen |                          xilinx_mem_8192x32_blk_mem_gen_top_HD148 |         19 |         19 |       0 |    0 |    1 |      8 |      0 |            0 |
|                   valid.cstr                  |                 xilinx_mem_8192x32_blk_mem_gen_generic_cstr_HD149 |         19 |         19 |       0 |    0 |    1 |      8 |      0 |            0 |
|                     has_mux_a.A               |                          xilinx_mem_8192x32_blk_mem_gen_mux_HD150 |         17 |         17 |       0 |    0 |    1 |      0 |      0 |            0 |
|                     ramloop[0].ram.r          |                   xilinx_mem_8192x32_blk_mem_gen_prim_width_HD151 |          0 |          0 |       0 |    0 |    0 |      1 |      0 |            0 |
|                       prim_noinit.ram         |                 xilinx_mem_8192x32_blk_mem_gen_prim_wrapper_HD152 |          0 |          0 |       0 |    0 |    0 |      1 |      0 |            0 |
|                     ramloop[1].ram.r          |   xilinx_mem_8192x32_blk_mem_gen_prim_width__parameterized0_HD153 |          0 |          0 |       0 |    0 |    0 |      1 |      0 |            0 |
|                       prim_noinit.ram         | xilinx_mem_8192x32_blk_mem_gen_prim_wrapper__parameterized0_HD154 |          0 |          0 |       0 |    0 |    0 |      1 |      0 |            0 |
|                     ramloop[2].ram.r          |   xilinx_mem_8192x32_blk_mem_gen_prim_width__parameterized1_HD155 |          0 |          0 |       0 |    0 |    0 |      1 |      0 |            0 |
|                       prim_noinit.ram         | xilinx_mem_8192x32_blk_mem_gen_prim_wrapper__parameterized1_HD156 |          0 |          0 |       0 |    0 |    0 |      1 |      0 |            0 |
|                     ramloop[3].ram.r          |   xilinx_mem_8192x32_blk_mem_gen_prim_width__parameterized2_HD157 |          0 |          0 |       0 |    0 |    0 |      1 |      0 |            0 |
|                       prim_noinit.ram         | xilinx_mem_8192x32_blk_mem_gen_prim_wrapper__parameterized2_HD158 |          0 |          0 |       0 |    0 |    0 |      1 |      0 |            0 |
|                     ramloop[4].ram.r          |   xilinx_mem_8192x32_blk_mem_gen_prim_width__parameterized3_HD159 |          1 |          1 |       0 |    0 |    0 |      1 |      0 |            0 |
|                       prim_noinit.ram         | xilinx_mem_8192x32_blk_mem_gen_prim_wrapper__parameterized3_HD160 |          1 |          1 |       0 |    0 |    0 |      1 |      0 |            0 |
|                     ramloop[5].ram.r          |   xilinx_mem_8192x32_blk_mem_gen_prim_width__parameterized4_HD161 |          0 |          0 |       0 |    0 |    0 |      1 |      0 |            0 |
|                       prim_noinit.ram         | xilinx_mem_8192x32_blk_mem_gen_prim_wrapper__parameterized4_HD162 |          0 |          0 |       0 |    0 |    0 |      1 |      0 |            0 |
|                     ramloop[6].ram.r          |   xilinx_mem_8192x32_blk_mem_gen_prim_width__parameterized5_HD163 |          0 |          0 |       0 |    0 |    0 |      1 |      0 |            0 |
|                       prim_noinit.ram         | xilinx_mem_8192x32_blk_mem_gen_prim_wrapper__parameterized5_HD164 |          0 |          0 |       0 |    0 |    0 |      1 |      0 |            0 |
|                     ramloop[7].ram.r          |   xilinx_mem_8192x32_blk_mem_gen_prim_width__parameterized6_HD165 |          1 |          1 |       0 |    0 |    0 |      1 |      0 |            0 |
|                       prim_noinit.ram         | xilinx_mem_8192x32_blk_mem_gen_prim_wrapper__parameterized6_HD166 |          1 |          1 |       0 |    0 |    0 |      1 |      0 |            0 |
|       instr_mem_axi_if                        |                                                axi_mem_if_SP_wrap |        628 |        628 |       0 |    0 |  543 |      0 |      0 |            0 |
|         axi_mem_if_SP_i                       |                                                     axi_mem_if_SP |        628 |        628 |       0 |    0 |  543 |      0 |      0 |            0 |
|           (axi_mem_if_SP_i)                   |                                                     axi_mem_if_SP |          0 |          0 |       0 |    0 |    1 |      0 |      0 |            0 |
|           READ_CTRL                           |                                                axi_read_only_ctrl |        127 |        127 |       0 |    0 |   60 |      0 |      0 |            0 |
|           Slave_ar_buffer_LP                  |                                     axi_ar_buffer__parameterized0 |         50 |         50 |       0 |    0 |   70 |      0 |      0 |            0 |
|             buffer_i                          |                                      generic_fifo__parameterized4 |         50 |         50 |       0 |    0 |   70 |      0 |      0 |            0 |
|           Slave_aw_buffer_LP                  |                                     axi_aw_buffer__parameterized0 |         51 |         51 |       0 |    0 |   70 |      0 |      0 |            0 |
|             buffer_i                          |                                      generic_fifo__parameterized3 |         51 |         51 |       0 |    0 |   70 |      0 |      0 |            0 |
|           Slave_b_buffer_LP                   |                                      axi_b_buffer__parameterized0 |         41 |         41 |       0 |    0 |   14 |      0 |      0 |            0 |
|             buffer_i                          |                                      generic_fifo__parameterized7 |         41 |         41 |       0 |    0 |   14 |      0 |      0 |            0 |
|           Slave_r_buffer_LP                   |                                      axi_r_buffer__parameterized0 |        229 |        229 |       0 |    0 |  146 |      0 |      0 |            0 |
|             buffer_i                          |                                      generic_fifo__parameterized6 |        229 |        229 |       0 |    0 |  146 |      0 |      0 |            0 |
|           Slave_w_buffer_LP                   |                                      axi_w_buffer__parameterized0 |         72 |         72 |       0 |    0 |  154 |      0 |      0 |            0 |
|             buffer_i                          |                                      generic_fifo__parameterized5 |         72 |         72 |       0 |    0 |  154 |      0 |      0 |            0 |
|           WRITE_CTRL                          |                                               axi_write_only_ctrl |         58 |         58 |       0 |    0 |   28 |      0 |      0 |            0 |
|       instr_ram_mux_i                         |                                                           ram_mux |          0 |          0 |       0 |    0 |    1 |      0 |      0 |            0 |
|     peripherals_i                             |                                                       peripherals |       5748 |       5748 |       0 |    0 | 5139 |      0 |      0 |            0 |
|       apb2per_debug_i                         |                                                           apb2per |          0 |          0 |       0 |    0 |    1 |      0 |      0 |            0 |
|       apb_event_unit_i                        |                                                    apb_event_unit |        158 |        158 |       0 |    0 |  357 |      0 |      0 |            0 |
|         (apb_event_unit_i)                    |                                                    apb_event_unit |          0 |          0 |       0 |    0 |    2 |      0 |      0 |            0 |
|         i_event_unit                          |                                              generic_service_unit |         65 |         65 |       0 |    0 |  160 |      0 |      0 |            0 |
|         i_interrupt_unit                      |                                           generic_service_unit_26 |         89 |         89 |       0 |    0 |  160 |      0 |      0 |            0 |
|         i_sleep_unit                          |                                                        sleep_unit |          4 |          4 |       0 |    0 |   35 |      0 |      0 |            0 |
|       apb_fll_if_i                            |                                                        apb_fll_if |          1 |          1 |       0 |    0 |    4 |      0 |      0 |            0 |
|       apb_gpio_i                              |                                                          apb_gpio |        209 |        209 |       0 |    0 |  513 |      0 |      0 |            0 |
|       apb_i2c_i                               |                                                           apb_i2c |        133 |        133 |       0 |    0 |  130 |      0 |      0 |            0 |
|         (apb_i2c_i)                           |                                                           apb_i2c |          2 |          2 |       0 |    0 |   45 |      0 |      0 |            0 |
|         byte_controller                       |                                              i2c_master_byte_ctrl |        131 |        131 |       0 |    0 |   85 |      0 |      0 |            0 |
|           (byte_controller)                   |                                              i2c_master_byte_ctrl |         27 |         27 |       0 |    0 |   23 |      0 |      0 |            0 |
|           bit_controller                      |                                               i2c_master_bit_ctrl |        104 |        104 |       0 |    0 |   62 |      0 |      0 |            0 |
|       apb_pulpino_i                           |                                                       apb_pulpino |        104 |        104 |       0 |    0 |  290 |      0 |      0 |            0 |
|       apb_spi_master_i                        |                                                    apb_spi_master |        652 |        652 |       0 |    0 |  868 |      0 |      0 |            0 |
|         (apb_spi_master_i)                    |                                                    apb_spi_master |          4 |          4 |       0 |    0 |   14 |      0 |      0 |            0 |
|         u_axiregs                             |                                                 spi_master_apb_if |        216 |        216 |       0 |    0 |  164 |      0 |      0 |            0 |
|         u_rxfifo                              |                                                   spi_master_fifo |        102 |        102 |       0 |    0 |  267 |      0 |      0 |            0 |
|         u_spictrl                             |                                             spi_master_controller |        251 |        251 |       0 |    0 |  156 |      0 |      0 |            0 |
|           (u_spictrl)                         |                                             spi_master_controller |          9 |          9 |       0 |    0 |    7 |      0 |      0 |            0 |
|           u_clkgen                            |                                                 spi_master_clkgen |        126 |        126 |       0 |    0 |   18 |      0 |      0 |            0 |
|           u_rxreg                             |                                                     spi_master_rx |         73 |         73 |       0 |    0 |   66 |      0 |      0 |            0 |
|           u_txreg                             |                                                     spi_master_tx |         43 |         43 |       0 |    0 |   65 |      0 |      0 |            0 |
|         u_txfifo                              |                                                spi_master_fifo_25 |         79 |         79 |       0 |    0 |  267 |      0 |      0 |            0 |
|       apb_timer_i                             |                                                         apb_timer |        278 |        278 |       0 |    0 |  256 |      0 |      0 |            0 |
|         TIMER_GEN[0].timer_i                  |                                                             timer |        135 |        135 |       0 |    0 |  128 |      0 |      0 |            0 |
|         TIMER_GEN[1].timer_i                  |                                                          timer_24 |        143 |        143 |       0 |    0 |  128 |      0 |      0 |            0 |
|       apb_uart_i                              |                                                          apb_uart |        714 |        714 |       0 |    0 | 1476 |      0 |      0 |            0 |
|         (apb_uart_i)                          |                                                          apb_uart |         18 |         18 |       0 |    0 |  104 |      0 |      0 |            0 |
|         UART_BG16                             |                                                      uart_baudgen |         30 |         30 |       0 |    0 |   17 |      0 |      0 |            0 |
|         UART_BG2                              |                                                    slib_clock_div |          3 |          3 |       0 |    0 |    4 |      0 |      0 |            0 |
|         UART_BIDET                            |                                                  slib_edge_detect |          0 |          0 |       0 |    0 |    1 |      0 |      0 |            0 |
|         UART_ED_CTS                           |                                                slib_edge_detect_9 |          0 |          0 |       0 |    0 |    1 |      0 |      0 |            0 |
|         UART_ED_DCD                           |                                               slib_edge_detect_10 |          0 |          0 |       0 |    0 |    1 |      0 |      0 |            0 |
|         UART_ED_DSR                           |                                               slib_edge_detect_11 |          0 |          0 |       0 |    0 |    1 |      0 |      0 |            0 |
|         UART_ED_RI                            |                                               slib_edge_detect_12 |          0 |          0 |       0 |    0 |    1 |      0 |      0 |            0 |
|         UART_FEDET                            |                                               slib_edge_detect_13 |          0 |          0 |       0 |    0 |    1 |      0 |      0 |            0 |
|         UART_IF_CTS                           |                                                 slib_input_filter |          6 |          6 |       0 |    0 |    3 |      0 |      0 |            0 |
|         UART_IF_DCD                           |                                              slib_input_filter_14 |          6 |          6 |       0 |    0 |    3 |      0 |      0 |            0 |
|         UART_IF_DSR                           |                                              slib_input_filter_15 |          6 |          6 |       0 |    0 |    3 |      0 |      0 |            0 |
|         UART_IF_RI                            |                                              slib_input_filter_16 |          6 |          6 |       0 |    0 |    3 |      0 |      0 |            0 |
|         UART_IIC                              |                                                    uart_interrupt |          8 |          8 |       0 |    0 |    4 |      0 |      0 |            0 |
|         UART_IIC_THRE_ED                      |                                               slib_edge_detect_17 |          2 |          2 |       0 |    0 |    1 |      0 |      0 |            0 |
|         UART_IS_CTS                           |                                                   slib_input_sync |          0 |          0 |       0 |    0 |    2 |      0 |      0 |            0 |
|         UART_IS_DCD                           |                                                slib_input_sync_18 |          0 |          0 |       0 |    0 |    2 |      0 |      0 |            0 |
|         UART_IS_DSR                           |                                                slib_input_sync_19 |          0 |          0 |       0 |    0 |    2 |      0 |      0 |            0 |
|         UART_IS_RI                            |                                                slib_input_sync_20 |          0 |          0 |       0 |    0 |    2 |      0 |      0 |            0 |
|         UART_IS_SIN                           |                                                slib_input_sync_21 |          0 |          0 |       0 |    0 |    2 |      0 |      0 |            0 |
|         UART_PEDET                            |                                               slib_edge_detect_22 |          0 |          0 |       0 |    0 |    1 |      0 |      0 |            0 |
|         UART_RCLK                             |                                               slib_edge_detect_23 |          0 |          0 |       0 |    0 |    1 |      0 |      0 |            0 |
|         UART_RX                               |                                                     uart_receiver |         52 |         52 |       0 |    0 |   33 |      0 |      0 |            0 |
|           (UART_RX)                           |                                                     uart_receiver |         13 |         13 |       0 |    0 |   18 |      0 |      0 |            0 |
|           RX_BRC                              |                                                      slib_counter |         13 |         13 |       0 |    0 |    5 |      0 |      0 |            0 |
|           RX_IFSB                             |                                 slib_input_filter__parameterized4 |         10 |         10 |       0 |    0 |    4 |      0 |      0 |            0 |
|           RX_MVF                              |                                                    slib_mv_filter |         16 |         16 |       0 |    0 |    6 |      0 |      0 |            0 |
|         UART_RXFF                             |                                         slib_fifo__parameterized1 |        318 |        318 |       0 |    0 |  736 |      0 |      0 |            0 |
|         UART_TX                               |                                                  uart_transmitter |         22 |         22 |       0 |    0 |    7 |      0 |      0 |            0 |
|         UART_TXFF                             |                                                         slib_fifo |        237 |        237 |       0 |    0 |  540 |      0 |      0 |            0 |
|       axi2apb_i                               |                                                      axi2apb_wrap |       2734 |       2734 |       0 |    0 |  333 |      0 |      0 |            0 |
|         axi2apb_i                             |                                                         axi2apb32 |       2734 |       2734 |       0 |    0 |  333 |      0 |      0 |            0 |
|           (axi2apb_i)                         |                                                         axi2apb32 |          2 |          2 |       0 |    0 |   35 |      0 |      0 |            0 |
|           Slave_ar_buffer                     |                                     axi_ar_buffer__parameterized2 |         77 |         77 |       0 |    0 |   72 |      0 |      0 |            0 |
|             buffer_i                          |                                     generic_fifo__parameterized14 |         77 |         77 |       0 |    0 |   72 |      0 |      0 |            0 |
|           Slave_aw_buffer                     |                                     axi_aw_buffer__parameterized2 |       2280 |       2280 |       0 |    0 |   72 |      0 |      0 |            0 |
|             buffer_i                          |                                     generic_fifo__parameterized13 |       2280 |       2280 |       0 |    0 |   72 |      0 |      0 |            0 |
|           Slave_b_buffer                      |                                      axi_b_buffer__parameterized2 |         48 |         48 |       0 |    0 |    8 |      0 |      0 |            0 |
|             buffer_i                          |                                     generic_fifo__parameterized16 |         48 |         48 |       0 |    0 |    8 |      0 |      0 |            0 |
|           Slave_r_buffer                      |                                      axi_r_buffer__parameterized2 |         61 |         61 |       0 |    0 |   74 |      0 |      0 |            0 |
|             buffer_i                          |                                     generic_fifo__parameterized15 |         61 |         61 |       0 |    0 |   74 |      0 |      0 |            0 |
|           Slave_w_buffer                      |                                                      axi_w_buffer |        266 |        266 |       0 |    0 |   72 |      0 |      0 |            0 |
|             buffer_i                          |                                      generic_fifo__parameterized0 |        266 |        266 |       0 |    0 |   72 |      0 |      0 |            0 |
|       axi_spi_slave_i                         |                                                axi_spi_slave_wrap |        765 |        765 |       0 |    0 |  911 |      0 |      0 |            0 |
|         axi_spi_slave_i                       |                                                     axi_spi_slave |        765 |        765 |       0 |    0 |  911 |      0 |      0 |            0 |
|           (axi_spi_slave_i)                   |                                                     axi_spi_slave |          2 |          2 |       0 |    0 |    0 |      0 |      0 |            0 |
|           u_axiplug                           |                                                spi_slave_axi_plug |        284 |        284 |       0 |    0 |  116 |      0 |      0 |            0 |
|           u_dcfifo_rx                         |                                                 spi_slave_dc_fifo |        111 |        111 |       0 |    0 |  291 |      0 |      0 |            0 |
|             u_din                             |                                          dc_token_ring_fifo_din_1 |         87 |         87 |       0 |    0 |  267 |      0 |      0 |            0 |
|               buffer                          |                                                  dc_data_buffer_5 |         64 |         64 |       0 |    0 |  256 |      0 |      0 |            0 |
|               full                            |                                                dc_full_detector_6 |          0 |          0 |       0 |    0 |    3 |      0 |      0 |            0 |
|                 (full)                        |                                                dc_full_detector_6 |          0 |          0 |       0 |    0 |    1 |      0 |      0 |            0 |
|                 full_synch                    |                                                 dc_synchronizer_8 |          0 |          0 |       0 |    0 |    2 |      0 |      0 |            0 |
|               write_tr                        |                                                   dc_token_ring_7 |         23 |         23 |       0 |    0 |    8 |      0 |      0 |            0 |
|             u_dout                            |                                         dc_token_ring_fifo_dout_2 |         24 |         24 |       0 |    0 |   24 |      0 |      0 |            0 |
|               empty_synch                     |                                 dc_synchronizer__parameterized0_3 |          4 |          4 |       0 |    0 |   16 |      0 |      0 |            0 |
|               read_tr                         |                                   dc_token_ring__parameterized0_4 |         20 |         20 |       0 |    0 |    8 |      0 |      0 |            0 |
|           u_dcfifo_tx                         |                                               spi_slave_dc_fifo_0 |        137 |        137 |       0 |    0 |  291 |      0 |      0 |            0 |
|             u_din                             |                                            dc_token_ring_fifo_din |        114 |        114 |       0 |    0 |  267 |      0 |      0 |            0 |
|               buffer                          |                                                    dc_data_buffer |         96 |         96 |       0 |    0 |  256 |      0 |      0 |            0 |
|               full                            |                                                  dc_full_detector |          0 |          0 |       0 |    0 |    3 |      0 |      0 |            0 |
|                 (full)                        |                                                  dc_full_detector |          0 |          0 |       0 |    0 |    1 |      0 |      0 |            0 |
|                 full_synch                    |                                                   dc_synchronizer |          0 |          0 |       0 |    0 |    2 |      0 |      0 |            0 |
|               write_tr                        |                                                     dc_token_ring |         18 |         18 |       0 |    0 |    8 |      0 |      0 |            0 |
|             u_dout                            |                                           dc_token_ring_fifo_dout |         23 |         23 |       0 |    0 |   24 |      0 |      0 |            0 |
|               empty_synch                     |                                   dc_synchronizer__parameterized0 |          5 |          5 |       0 |    0 |   16 |      0 |      0 |            0 |
|               read_tr                         |                                     dc_token_ring__parameterized0 |         18 |         18 |       0 |    0 |    8 |      0 |      0 |            0 |
|           u_rxreg                             |                                                      spi_slave_rx |         44 |         44 |       0 |    0 |   49 |      0 |      0 |            0 |
|           u_slave_sm                          |                                              spi_slave_controller |        126 |        126 |       0 |    0 |  114 |      0 |      0 |            0 |
|             (u_slave_sm)                      |                                              spi_slave_controller |         36 |         36 |       0 |    0 |   82 |      0 |      0 |            0 |
|             u_spiregs                         |                                                    spi_slave_regs |         90 |         90 |       0 |    0 |   32 |      0 |      0 |            0 |
|           u_syncro                            |                                                  spi_slave_syncro |         49 |         49 |       0 |    0 |    7 |      0 |      0 |            0 |
|           u_txreg                             |                                                      spi_slave_tx |         12 |         12 |       0 |    0 |   43 |      0 |      0 |            0 |
+-----------------------------------------------+-------------------------------------------------------------------+------------+------------+---------+------+------+--------+--------+--------------+


